\BOOKMARK [1][-]{section.1}{Introduction}{}% 1
\BOOKMARK [1][-]{section.2}{Theory}{}% 2
\BOOKMARK [2][-]{subsection.2.1}{Tight-binding model}{section.2}% 3
\BOOKMARK [2][-]{subsection.2.2}{Solution to tight-binding model in 1D}{section.2}% 4
\BOOKMARK [2][-]{subsection.2.3}{Tight-binding model in second quantized formalism}{section.2}% 5
\BOOKMARK [3][-]{subsubsection.2.3.1}{Diagonalization of Hamiltonian with Periodic Boundary Conditions}{subsection.2.3}% 6
\BOOKMARK [2][-]{subsection.2.4}{Solution to tight-binding model}{section.2}% 7
\BOOKMARK [1][-]{section.3}{Boundary Conditions and Sine-Square Deformation}{}% 8
\BOOKMARK [2][-]{subsection.3.1}{Sine-square deformation in momentum space}{section.3}% 9
\BOOKMARK [3][-]{subsubsection.3.1.1}{In two-dimensions}{subsection.3.1}% 10
\BOOKMARK [3][-]{subsubsection.3.1.2}{Energy corrections}{subsection.3.1}% 11
\BOOKMARK [3][-]{subsubsection.3.1.3}{Periodic Boundary Conditions}{subsection.3.1}% 12
\BOOKMARK [3][-]{subsubsection.3.1.4}{In one-dimension}{subsection.3.1}% 13
\BOOKMARK [3][-]{subsubsection.3.1.5}{in Two-dimensions}{subsection.3.1}% 14
\BOOKMARK [2][-]{subsection.3.2}{Sine-Squared deformation Hamiltonian}{section.3}% 15
\BOOKMARK [2][-]{subsection.3.3}{Floquet Systems}{section.3}% 16
\BOOKMARK [1][-]{section.4}{Quantum Quench}{}% 17
\BOOKMARK [1][-]{section.5}{Floquet System}{}% 18
\BOOKMARK [2][-]{subsection.5.1}{Ground state}{section.5}% 19
\BOOKMARK [2][-]{subsection.5.2}{Generalization to n-cycles}{section.5}% 20
\BOOKMARK [1][-]{section.6}{The quasi-particle picture}{}% 21
\BOOKMARK [1][-]{section.7}{Theoretical Framework}{}% 22
\BOOKMARK [2][-]{subsection.7.1}{Ground State}{section.7}% 23
\BOOKMARK [2][-]{subsection.7.2}{Electrons filled on the left hand side of the chain}{section.7}% 24
\BOOKMARK [2][-]{subsection.7.3}{Quantum Quench and Floquet Case}{section.7}% 25
\BOOKMARK [3][-]{subsubsection.7.3.1}{Double Quench}{subsection.7.3}% 26
\BOOKMARK [3][-]{subsubsection.7.3.2}{Generalization}{subsection.7.3}% 27
\BOOKMARK [1][-]{section.8}{Floquet System in one dimension}{}% 28
\BOOKMARK [1][-]{figure.caption.24}{Bibliography}{}% 29
