This is pdfTeX, Version 3.14159265-2.6-1.40.21 (TeX Live 2020) (preloaded format=pdflatex 2020.4.7)  7 JUL 2021 20:34
entering extended mode
 restricted \write18 enabled.
 file:line:error style messages enabled.
 %&-line parsing enabled.
**Bachelor_Thesis_UZH.tex
(./Bachelor_Thesis_UZH.tex
LaTeX2e <2020-02-02> patch level 5
L3 programming layer <2020-03-06> (/usr/local/texlive/2020/texmf-dist/tex/latex/base/article.cls
Document Class: article 2019/12/20 v1.4l Standard LaTeX document class
(/usr/local/texlive/2020/texmf-dist/tex/latex/base/size11.clo
File: size11.clo 2019/12/20 v1.4l Standard LaTeX file (size option)
)
\c@part=\count167
\c@section=\count168
\c@subsection=\count169
\c@subsubsection=\count170
\c@paragraph=\count171
\c@subparagraph=\count172
\c@figure=\count173
\c@table=\count174
\abovecaptionskip=\skip47
\belowcaptionskip=\skip48
\bibindent=\dimen134
) (/usr/local/texlive/2020/texmf-dist/tex/generic/babel/babel.sty
Package: babel 2020/03/22 3.42 The Babel package
 (/usr/local/texlive/2020/texmf-dist/tex/generic/babel/switch.def
File: switch.def 2020/03/22 3.42 Babel switching mechanism
) (/usr/local/texlive/2020/texmf-dist/tex/generic/babel-english/english.ldf
Language: english 2017/06/06 v3.3r English support from the babel system
 (/usr/local/texlive/2020/texmf-dist/tex/generic/babel/babel.def
File: babel.def 2020/03/22 3.42 Babel common definitions
\babel@savecnt=\count175
\U@D=\dimen135
 (/usr/local/texlive/2020/texmf-dist/tex/generic/babel/txtbabel.def)
\bbl@readstream=\read2
\bbl@dirlevel=\count176
)
Package babel Info: \l@canadian = using hyphenrules for english
(babel)             (\language0) on input line 102.
Package babel Info: \l@australian = using hyphenrules for ukenglish
(babel)             (\language21) on input line 105.
Package babel Info: \l@newzealand = using hyphenrules for ukenglish
(babel)             (\language21) on input line 108.
)) (/usr/local/texlive/2020/texmf-dist/tex/latex/base/inputenc.sty
Package: inputenc 2018/08/11 v1.3c Input encoding file
\inpenc@prehook=\toks15
\inpenc@posthook=\toks16
) (/usr/local/texlive/2020/texmf-dist/tex/latex/base/fontenc.sty
Package: fontenc 2020/02/11 v2.0o Standard LaTeX package
) (/usr/local/texlive/2020/texmf-dist/tex/latex/graphics/graphics.sty
Package: graphics 2019/11/30 v1.4a Standard LaTeX Graphics (DPC,SPQR)
 (/usr/local/texlive/2020/texmf-dist/tex/latex/graphics/trig.sty
Package: trig 2016/01/03 v1.10 sin cos tan (DPC)
) (/usr/local/texlive/2020/texmf-dist/tex/latex/graphics-cfg/graphics.cfg
File: graphics.cfg 2016/06/04 v1.11 sample graphics configuration
)
Package graphics Info: Driver file: pdftex.def on input line 105.
 (/usr/local/texlive/2020/texmf-dist/tex/latex/graphics-def/pdftex.def
File: pdftex.def 2018/01/08 v1.0l Graphics/color driver for pdftex
)) (/usr/local/texlive/2020/texmf-dist/tex/latex/graphics/color.sty
Package: color 2019/11/23 v1.2a Standard LaTeX Color (DPC)
 (/usr/local/texlive/2020/texmf-dist/tex/latex/graphics-cfg/color.cfg
File: color.cfg 2016/01/02 v1.6 sample color configuration
)
Package color Info: Driver file: pdftex.def on input line 147.
 (/usr/local/texlive/2020/texmf-dist/tex/latex/graphics/dvipsnam.def
File: dvipsnam.def 2016/06/17 v3.0m Driver-dependent file (DPC,SPQR)
)) (/usr/local/texlive/2020/texmf-dist/tex/latex/graphics/graphicx.sty
Package: graphicx 2019/11/30 v1.2a Enhanced LaTeX Graphics (DPC,SPQR)
 (/usr/local/texlive/2020/texmf-dist/tex/latex/graphics/keyval.sty
Package: keyval 2014/10/28 v1.15 key=value parser (DPC)
\KV@toks@=\toks17
)
\Gin@req@height=\dimen136
\Gin@req@width=\dimen137
) (/usr/local/texlive/2020/texmf-dist/tex/latex/tools/dcolumn.sty
Package: dcolumn 2014/10/28 v1.06 decimal alignment package (DPC)
 (/usr/local/texlive/2020/texmf-dist/tex/latex/tools/array.sty
Package: array 2019/08/31 v2.4l Tabular extension package (FMi)
\col@sep=\dimen138
\ar@mcellbox=\box45
\extrarowheight=\dimen139
\NC@list=\toks18
\extratabsurround=\skip49
\backup@length=\skip50
\ar@cellbox=\box46
)) (/usr/local/texlive/2020/texmf-dist/tex/latex/tools/bm.sty
Package: bm 2019/07/24 v1.2d Bold Symbol Support (DPC/FMi)
\symboldoperators=\mathgroup4
\symboldletters=\mathgroup5
\symboldsymbols=\mathgroup6
LaTeX Font Info:    Redeclaring math alphabet \mathbf on input line 141.
LaTeX Info: Redefining \bm on input line 209.
) (/usr/local/texlive/2020/texmf-dist/tex/latex/graphics/epsfig.sty
Package: epsfig 2017/06/25 v1.7b (e)psfig emulation (SPQR)
\epsfxsize=\dimen140
\epsfysize=\dimen141
) (/usr/local/texlive/2020/texmf-dist/tex/latex/pdflscape/pdflscape.sty
Package: pdflscape 2019/12/05 v0.12 Display of landscape pages in PDF (HO)
 (/usr/local/texlive/2020/texmf-dist/tex/generic/iftex/iftex.sty
Package: iftex 2020/03/06 v1.0d TeX engine tests
) (/usr/local/texlive/2020/texmf-dist/tex/latex/graphics/lscape.sty
Package: lscape 2000/10/22 v3.01 Landscape Pages (DPC)
)
Package pdflscape Info: Auto-detected driver: pdftex on input line 81.
) (/usr/local/texlive/2020/texmf-dist/tex/latex/multirow/multirow.sty
Package: multirow 2019/05/31 v2.5 Span multiple rows of a table
\multirow@colwidth=\skip51
\multirow@cntb=\count177
\multirow@dima=\skip52
\bigstrutjot=\dimen142
) (/usr/local/texlive/2020/texmf-dist/tex/latex/graphics/rotating.sty
Package: rotating 2016/08/11 v2.16d rotated objects in LaTeX
 (/usr/local/texlive/2020/texmf-dist/tex/latex/base/ifthen.sty
Package: ifthen 2014/09/29 v1.1c Standard LaTeX ifthen package (DPC)
)
\c@r@tfl@t=\count178
\rotFPtop=\skip53
\rotFPbot=\skip54
\rot@float@box=\box47
\rot@mess@toks=\toks19
) (/usr/local/texlive/2020/texmf-dist/tex/latex/tools/longtable.sty
Package: longtable 2020/01/07 v4.13 Multi-page Table package (DPC)
\LTleft=\skip55
\LTright=\skip56
\LTpre=\skip57
\LTpost=\skip58
\LTchunksize=\count179
\LTcapwidth=\dimen143
\LT@head=\box48
\LT@firsthead=\box49
\LT@foot=\box50
\LT@lastfoot=\box51
\LT@cols=\count180
\LT@rows=\count181
\c@LT@tables=\count182
\c@LT@chunks=\count183
\LT@p@ftn=\toks20
) (/usr/local/texlive/2020/texmf-dist/tex/latex/lineno/lineno.sty
Package: lineno 2005/11/02 line numbers on paragraphs v4.41
\linenopenalty=\count184
\output=\toks21
\linenoprevgraf=\count185
\linenumbersep=\dimen144
\linenumberwidth=\dimen145
\c@linenumber=\count186
\c@pagewiselinenumber=\count187
\c@LN@truepage=\count188
\c@internallinenumber=\count189
\c@internallinenumbers=\count190
\quotelinenumbersep=\dimen146
\bframerule=\dimen147
\bframesep=\dimen148
\bframebox=\box52
LaTeX Info: Redefining \\ on input line 3056.
) (/usr/local/texlive/2020/texmf-dist/tex/latex/geometry/geometry.sty
Package: geometry 2020/01/02 v5.9 Page Geometry

(/usr/local/texlive/2020/texmf-dist/tex/generic/iftex/ifvtex.sty
Package: ifvtex 2019/10/25 v1.7 ifvtex legacy package. Use iftex instead.
)
\Gm@cnth=\count191
\Gm@cntv=\count192
\c@Gm@tempcnt=\count193
\Gm@bindingoffset=\dimen149
\Gm@wd@mp=\dimen150
\Gm@odd@mp=\dimen151
\Gm@even@mp=\dimen152
\Gm@layoutwidth=\dimen153
\Gm@layoutheight=\dimen154
\Gm@layouthoffset=\dimen155
\Gm@layoutvoffset=\dimen156
\Gm@dimlist=\toks22
) (/usr/local/texlive/2020/texmf-dist/tex/latex/fancyhdr/fancyhdr.sty
Package: fancyhdr 2019/01/31 v3.10 Extensive control of page headers and footers
\f@nch@headwidth=\skip59
\f@nch@O@elh=\skip60
\f@nch@O@erh=\skip61
\f@nch@O@olh=\skip62
\f@nch@O@orh=\skip63
\f@nch@O@elf=\skip64
\f@nch@O@erf=\skip65
\f@nch@O@olf=\skip66
\f@nch@O@orf=\skip67
) (/usr/local/texlive/2020/texmf-dist/tex/latex/url/url.sty
\Urlmuskip=\muskip16
Package: url 2013/09/16  ver 3.4  Verb mode for urls, etc.
) (/usr/local/texlive/2020/texmf-dist/tex/latex/caption/subcaption.sty
Package: subcaption 2020/01/22 v1.3d Sub-captions (AR)
 (/usr/local/texlive/2020/texmf-dist/tex/latex/caption/caption.sty
Package: caption 2020/01/03 v3.4h Customizing captions (AR)
 (/usr/local/texlive/2020/texmf-dist/tex/latex/caption/caption3.sty
Package: caption3 2020/01/03 v1.8h caption3 kernel (AR)
Package caption3 Info: TeX engine: e-TeX on input line 61.
\captionmargin=\dimen157
\captionmargin@=\dimen158
\captionwidth=\dimen159
\caption@tempdima=\dimen160
\caption@indent=\dimen161
\caption@parindent=\dimen162
\caption@hangindent=\dimen163
Package caption Info: Standard document class detected.
)
\c@caption@flags=\count194
\c@continuedfloat=\count195
Package caption Info: longtable package is loaded.
 (/usr/local/texlive/2020/texmf-dist/tex/latex/caption/ltcaption.sty
Package: ltcaption 2018/08/26 v1.4a longtable captions (AR)
)
Package caption Info: rotating package is loaded.
)
\c@subfigure=\count196
\c@subtable=\count197
) (/usr/local/texlive/2020/texmf-dist/tex/latex/booktabs/booktabs.sty
Package: booktabs 2020/01/12 v1.61803398 Publication quality tables
\heavyrulewidth=\dimen164
\lightrulewidth=\dimen165
\cmidrulewidth=\dimen166
\belowrulesep=\dimen167
\belowbottomsep=\dimen168
\aboverulesep=\dimen169
\abovetopsep=\dimen170
\cmidrulesep=\dimen171
\cmidrulekern=\dimen172
\defaultaddspace=\dimen173
\@cmidla=\count198
\@cmidlb=\count199
\@aboverulesep=\dimen174
\@belowrulesep=\dimen175
\@thisruleclass=\count266
\@lastruleclass=\count267
\@thisrulewidth=\dimen176
) (/usr/local/texlive/2020/texmf-dist/tex/latex/titlesec/titlesec.sty
Package: titlesec 2019/10/16 v2.13 Sectioning titles
\ttl@box=\box53
\beforetitleunit=\skip68
\aftertitleunit=\skip69
\ttl@plus=\dimen177
\ttl@minus=\dimen178
\ttl@toksa=\toks23
\titlewidth=\dimen179
\titlewidthlast=\dimen180
\titlewidthfirst=\dimen181
) (/usr/local/texlive/2020/texmf-dist/tex/latex/biblatex/biblatex.sty
Package: biblatex 2019/12/01 v3.14 programmable bibliographies (PK/MW)
 (/usr/local/texlive/2020/texmf-dist/tex/latex/pdftexcmds/pdftexcmds.sty
Package: pdftexcmds 2019/11/24 v0.31 Utility functions of pdfTeX for LuaTeX (HO)
 (/usr/local/texlive/2020/texmf-dist/tex/generic/infwarerr/infwarerr.sty
Package: infwarerr 2019/12/03 v1.5 Providing info/warning/error messages (HO)
) (/usr/local/texlive/2020/texmf-dist/tex/generic/ltxcmds/ltxcmds.sty
Package: ltxcmds 2019/12/15 v1.24 LaTeX kernel commands for general use (HO)
)
Package pdftexcmds Info: \pdf@primitive is available.
Package pdftexcmds Info: \pdf@ifprimitive is available.
Package pdftexcmds Info: \pdfdraftmode found.
) (/usr/local/texlive/2020/texmf-dist/tex/latex/etoolbox/etoolbox.sty
Package: etoolbox 2019/09/21 v2.5h e-TeX tools for LaTeX (JAW)
\etb@tempcnta=\count268
) (/usr/local/texlive/2020/texmf-dist/tex/latex/kvoptions/kvoptions.sty
Package: kvoptions 2019/11/29 v3.13 Key value format for package options (HO)
 (/usr/local/texlive/2020/texmf-dist/tex/generic/kvsetkeys/kvsetkeys.sty
Package: kvsetkeys 2019/12/15 v1.18 Key value parser (HO)
)) (/usr/local/texlive/2020/texmf-dist/tex/latex/logreq/logreq.sty
Package: logreq 2010/08/04 v1.0 xml request logger
\lrq@indent=\count269
 (/usr/local/texlive/2020/texmf-dist/tex/latex/logreq/logreq.def
File: logreq.def 2010/08/04 v1.0 logreq spec v1.0
))
\c@tabx@nest=\count270
\c@listtotal=\count271
\c@listcount=\count272
\c@liststart=\count273
\c@liststop=\count274
\c@citecount=\count275
\c@citetotal=\count276
\c@multicitecount=\count277
\c@multicitetotal=\count278
\c@instcount=\count279
\c@maxnames=\count280
\c@minnames=\count281
\c@maxitems=\count282
\c@minitems=\count283
\c@citecounter=\count284
\c@maxcitecounter=\count285
\c@savedcitecounter=\count286
\c@uniquelist=\count287
\c@uniquename=\count288
\c@refsection=\count289
\c@refsegment=\count290
\c@maxextratitle=\count291
\c@maxextratitleyear=\count292
\c@maxextraname=\count293
\c@maxextradate=\count294
\c@maxextraalpha=\count295
\c@abbrvpenalty=\count296
\c@highnamepenalty=\count297
\c@lownamepenalty=\count298
\c@maxparens=\count299
\c@parenlevel=\count300
\blx@tempcnta=\count301
\blx@tempcntb=\count302
\blx@tempcntc=\count303
\blx@maxsection=\count304
\blx@maxsegment@0=\count305
\blx@notetype=\count306
\blx@parenlevel@text=\count307
\blx@parenlevel@foot=\count308
\blx@sectionciteorder@0=\count309
\blx@entrysetcounter=\count310
\labelnumberwidth=\skip70
\labelalphawidth=\skip71
\biblabelsep=\skip72
\bibitemsep=\skip73
\bibnamesep=\skip74
\bibinitsep=\skip75
\bibparsep=\skip76
\bibhang=\skip77
\blx@bcfin=\read3
\blx@bcfout=\write3
\blx@langwohyphens=\language86
\c@mincomprange=\count311
\c@maxcomprange=\count312
\c@mincompwidth=\count313
Package biblatex Info: Trying to load biblatex default data model...
Package biblatex Info: ... file 'blx-dm.def' found.
 (/usr/local/texlive/2020/texmf-dist/tex/latex/biblatex/blx-dm.def
File: blx-dm.def 2019/12/01 v3.14 biblatex localization (PK/MW)
)
Package biblatex Info: Trying to load biblatex custom data model...
Package biblatex Info: ... file 'biblatex-dm.cfg' not found.
\c@afterword=\count314
\c@savedafterword=\count315
\c@annotator=\count316
\c@savedannotator=\count317
\c@author=\count318
\c@savedauthor=\count319
\c@bookauthor=\count320
\c@savedbookauthor=\count321
\c@commentator=\count322
\c@savedcommentator=\count323
\c@editor=\count324
\c@savededitor=\count325
\c@editora=\count326
\c@savededitora=\count327
\c@editorb=\count328
\c@savededitorb=\count329
\c@editorc=\count330
\c@savededitorc=\count331
\c@foreword=\count332
\c@savedforeword=\count333
\c@holder=\count334
\c@savedholder=\count335
\c@introduction=\count336
\c@savedintroduction=\count337
\c@namea=\count338
\c@savednamea=\count339
\c@nameb=\count340
\c@savednameb=\count341
\c@namec=\count342
\c@savednamec=\count343
\c@translator=\count344
\c@savedtranslator=\count345
\c@shortauthor=\count346
\c@savedshortauthor=\count347
\c@shorteditor=\count348
\c@savedshorteditor=\count349
\c@labelname=\count350
\c@savedlabelname=\count351
\c@institution=\count352
\c@savedinstitution=\count353
\c@lista=\count354
\c@savedlista=\count355
\c@listb=\count356
\c@savedlistb=\count357
\c@listc=\count358
\c@savedlistc=\count359
\c@listd=\count360
\c@savedlistd=\count361
\c@liste=\count362
\c@savedliste=\count363
\c@listf=\count364
\c@savedlistf=\count365
\c@location=\count366
\c@savedlocation=\count367
\c@organization=\count368
\c@savedorganization=\count369
\c@origlocation=\count370
\c@savedoriglocation=\count371
\c@origpublisher=\count372
\c@savedorigpublisher=\count373
\c@publisher=\count374
\c@savedpublisher=\count375
\c@language=\count376
\c@savedlanguage=\count377
\c@origlanguage=\count378
\c@savedoriglanguage=\count379
\c@pageref=\count380
\c@savedpageref=\count381
\shorthandwidth=\skip78
\shortjournalwidth=\skip79
\shortserieswidth=\skip80
\shorttitlewidth=\skip81
\shortauthorwidth=\skip82
\shorteditorwidth=\skip83
\locallabelnumberwidth=\skip84
\locallabelalphawidth=\skip85
\localshorthandwidth=\skip86
\localshortjournalwidth=\skip87
\localshortserieswidth=\skip88
\localshorttitlewidth=\skip89
\localshortauthorwidth=\skip90
\localshorteditorwidth=\skip91
Package biblatex Info: Trying to load compatibility code...
Package biblatex Info: ... file 'blx-compat.def' found.
 (/usr/local/texlive/2020/texmf-dist/tex/latex/biblatex/blx-compat.def
File: blx-compat.def 2019/12/01 v3.14 biblatex compatibility (PK/MW)
)
Package biblatex Info: Trying to load BibTeX backend compatibility...
Package biblatex Info: ... file 'blx-bibtex.def' found.
 (/usr/local/texlive/2020/texmf-dist/tex/latex/biblatex/blx-bibtex.def
File: blx-bibtex.def 2019/12/01 v3.14 biblatex compatibility (PK/MW)


Package biblatex Warning: Using fall-back BibTeX(8) backend:
(biblatex)                functionality may be reduced/unavailable.

)
Package biblatex Info: Trying to load generic definitions...
Package biblatex Info: ... file 'biblatex.def' found.
 (/usr/local/texlive/2020/texmf-dist/tex/latex/biblatex/biblatex.def
File: biblatex.def 2019/12/01 v3.14 biblatex compatibility (PK/MW)
\c@textcitecount=\count382
\c@textcitetotal=\count383
\c@textcitemaxnames=\count384
\c@biburlbigbreakpenalty=\count385
\c@biburlbreakpenalty=\count386
\c@biburlnumpenalty=\count387
\c@biburlucpenalty=\count388
\c@biburllcpenalty=\count389
\biburlbigskip=\muskip17
\biburlnumskip=\muskip18
\biburlucskip=\muskip19
\biburllcskip=\muskip20
\c@smartand=\count390
)
Package biblatex Info: Trying to load bibliography style 'numeric'...
Package biblatex Info: ... file 'numeric.bbx' found.
 (/usr/local/texlive/2020/texmf-dist/tex/latex/biblatex/bbx/numeric.bbx
File: numeric.bbx 2019/12/01 v3.14 biblatex bibliography style (PK/MW)
Package biblatex Info: Trying to load bibliography style 'standard'...
Package biblatex Info: ... file 'standard.bbx' found.
 (/usr/local/texlive/2020/texmf-dist/tex/latex/biblatex/bbx/standard.bbx
File: standard.bbx 2019/12/01 v3.14 biblatex bibliography style (PK/MW)
\c@bbx:relatedcount=\count391
\c@bbx:relatedtotal=\count392
))
Package biblatex Info: Trying to load citation style 'numeric'...
Package biblatex Info: ... file 'numeric.cbx' found.
 (/usr/local/texlive/2020/texmf-dist/tex/latex/biblatex/cbx/numeric.cbx
File: numeric.cbx 2019/12/01 v3.14 biblatex citation style (PK/MW)
Package biblatex Info: Redefining '\cite'.
Package biblatex Info: Redefining '\parencite'.
Package biblatex Info: Redefining '\footcite'.
Package biblatex Info: Redefining '\footcitetext'.
Package biblatex Info: Redefining '\smartcite'.
Package biblatex Info: Redefining '\supercite'.
Package biblatex Info: Redefining '\textcite'.
Package biblatex Info: Redefining '\textcites'.
Package biblatex Info: Redefining '\cites'.
Package biblatex Info: Redefining '\parencites'.
Package biblatex Info: Redefining '\smartcites'.
)
Package biblatex Info: Trying to load configuration file...
Package biblatex Info: ... file 'biblatex.cfg' found.
 (/usr/local/texlive/2020/texmf-dist/tex/latex/biblatex/biblatex.cfg
File: biblatex.cfg 
)) (/usr/local/texlive/2020/texmf-dist/tex/latex/float/float.sty
Package: float 2001/11/08 v1.3d Float enhancements (AL)
\c@float@type=\count393
\float@exts=\toks24
\float@box=\box54
\@float@everytoks=\toks25
\@floatcapt=\box55
) (/usr/local/texlive/2020/texmf-dist/tex/latex/base/textcomp.sty
Package: textcomp 2020/02/02 v2.0n Standard LaTeX package
) (/usr/local/texlive/2020/texmf-dist/tex/latex/sidecap/sidecap.sty
Package: sidecap 2003/06/06 v1.6f SideCap Package (RN/HjG)
\SC@BOXWD=\dimen182
\SC@CAPWD=\dimen183
\SC@tempdima=\dimen184
\SC@tempdimb=\dimen185
\c@SC@C=\count394
\SC@BOX=\box56
) (/usr/local/texlive/2020/texmf-dist/tex/latex/wrapfig/wrapfig.sty
\wrapoverhang=\dimen186
\WF@size=\dimen187
\c@WF@wrappedlines=\count395
\WF@box=\box57
\WF@everypar=\toks26
Package: wrapfig 2003/01/31  v 3.6
) (/usr/local/texlive/2020/texmf-dist/tex/latex/siunitx/siunitx.sty (/usr/local/texlive/2020/texmf-dist/tex/latex/l3kernel/expl3.sty
Package: expl3 2020-03-06 L3 programming layer (loader) 
 (/usr/local/texlive/2020/texmf-dist/tex/latex/l3backend/l3backend-pdfmode.def
File: l3backend-pdfmode.def 2020-03-12 L3 backend support: PDF mode
\l__kernel_color_stack_int=\count396
\l__pdf_internal_box=\box58
)) (/usr/local/texlive/2020/texmf-dist/tex/latex/l3packages/xparse/xparse.sty
Package: xparse 2020-03-06 L3 Experimental document command parser
\l__xparse_current_arg_int=\count397
\g__xparse_grabber_int=\count398
\l__xparse_m_args_int=\count399
\l__xparse_v_nesting_int=\count400
)
Package: siunitx 2020/02/25 v2.8b A comprehensive (SI) units package
 (/usr/local/texlive/2020/texmf-dist/tex/latex/amsmath/amstext.sty
Package: amstext 2000/06/29 v2.01 AMS text
 (/usr/local/texlive/2020/texmf-dist/tex/latex/amsmath/amsgen.sty
File: amsgen.sty 1999/11/30 v2.0 generic functions
\@emptytoks=\toks27
\ex@=\dimen188
)) (/usr/local/texlive/2020/texmf-dist/tex/latex/l3packages/l3keys2e/l3keys2e.sty
Package: l3keys2e 2020-03-06 LaTeX2e option processing using LaTeX3 keys
)
\l__siunitx_tmp_box=\box59
\l__siunitx_tmp_dim=\dimen189
\l__siunitx_tmp_int=\count401
\l__siunitx_number_mantissa_length_int=\count402
\l__siunitx_number_uncert_length_int=\count403
\l__siunitx_round_int=\count404
\l__siunitx_process_decimal_int=\count405
\l__siunitx_process_uncertainty_int=\count406
\l__siunitx_process_fixed_int=\count407
\l__siunitx_process_integer_min_int=\count408
\l__siunitx_process_precision_int=\count409
\l__siunitx_group_min_int=\count410
\l__siunitx_angle_marker_box=\box60
\l__siunitx_angle_unit_box=\box61
\l__siunitx_angle_marker_dim=\dimen190
\l__siunitx_angle_unit_dim=\dimen191
\l__siunitx_unit_int=\count411
\l__siunitx_unit_denominator_int=\count412
\l__siunitx_unit_numerator_int=\count413
\l__siunitx_unit_prefix_int=\count414
\l__siunitx_unit_prefix_base_int=\count415
\l__siunitx_unit_prefix_gram_int=\count416
\l__siunitx_number_product_int=\count417
\c__siunitx_one_fill_skip=\skip92
\l__siunitx_table_unit_align_skip=\skip93
\l__siunitx_table_exponent_dim=\dimen192
\l__siunitx_table_integer_dim=\dimen193
\l__siunitx_table_mantissa_dim=\dimen194
\l__siunitx_table_marker_dim=\dimen195
\l__siunitx_table_result_dim=\dimen196
\l__siunitx_table_uncert_dim=\dimen197
\l__siunitx_table_fill_pre_dim=\dimen198
\l__siunitx_table_fill_post_dim=\dimen199
\l__siunitx_table_fill_mid_dim=\dimen256
\l__siunitx_table_pre_box=\box62
\l__siunitx_table_post_box=\box63
\l__siunitx_table_mantissa_box=\box64
\l__siunitx_table_result_box=\box65
\l__siunitx_table_number_align_skip=\skip94
\l__siunitx_table_text_align_skip=\skip95
 (/usr/local/texlive/2020/texmf-dist/tex/latex/translator/translator.sty
Package: translator 2019-05-31 v1.12a Easy translation of strings in LaTeX
)) (/usr/local/texlive/2020/texmf-dist/tex/latex/physics/physics.sty
Package: physics 
 (/usr/local/texlive/2020/texmf-dist/tex/latex/amsmath/amsmath.sty
Package: amsmath 2020/01/20 v2.17e AMS math features
\@mathmargin=\skip96

For additional information on amsmath, use the `?' option.
(/usr/local/texlive/2020/texmf-dist/tex/latex/amsmath/amsbsy.sty
Package: amsbsy 1999/11/29 v1.2d Bold Symbols
LaTeX Info: Redefining \boldsymbol on input line 28.
\pmbraise@=\dimen257
) (/usr/local/texlive/2020/texmf-dist/tex/latex/amsmath/amsopn.sty
Package: amsopn 2016/03/08 v2.02 operator names
)
\inf@bad=\count418
LaTeX Info: Redefining \frac on input line 227.
\uproot@=\count419
\leftroot@=\count420
LaTeX Info: Redefining \overline on input line 389.
\classnum@=\count421
\DOTSCASE@=\count422
LaTeX Info: Redefining \ldots on input line 486.
LaTeX Info: Redefining \dots on input line 489.
LaTeX Info: Redefining \cdots on input line 610.
\Mathstrutbox@=\box66
\strutbox@=\box67
\big@size=\dimen258
LaTeX Font Info:    Redeclaring font encoding OML on input line 733.
LaTeX Font Info:    Redeclaring font encoding OMS on input line 734.
\macc@depth=\count423
\c@MaxMatrixCols=\count424
\dotsspace@=\muskip21
\c@parentequation=\count425
\dspbrk@lvl=\count426
\tag@help=\toks28
\row@=\count427
\column@=\count428
\maxfields@=\count429
\andhelp@=\toks29
\eqnshift@=\dimen259
\alignsep@=\dimen260
\tagshift@=\dimen261
\tagwidth@=\dimen262
\totwidth@=\dimen263
\lineht@=\dimen264
\@envbody=\toks30
\multlinegap=\skip97
\multlinetaggap=\skip98
\mathdisplay@stack=\toks31
LaTeX Info: Redefining \[ on input line 2859.
LaTeX Info: Redefining \] on input line 2860.
)) (/usr/local/texlive/2020/texmf-dist/tex/latex/enumitem/enumitem.sty
Package: enumitem 2019/06/20 v3.9 Customized lists
\labelindent=\skip99
\enit@outerparindent=\dimen265
\enit@toks=\toks32
\enit@inbox=\box68
\enit@count@id=\count430
\enitdp@description=\count431
) (/usr/local/texlive/2020/texmf-dist/tex/generic/ulem/ulem.sty
\UL@box=\box69
\UL@hyphenbox=\box70
\UL@skip=\skip100
\UL@hook=\toks33
\UL@height=\dimen266
\UL@pe=\count432
\UL@pixel=\dimen267
\ULC@box=\box71
Package: ulem 2019/11/18
\ULdepth=\dimen268
) (/usr/local/texlive/2020/texmf-dist/tex/latex/mhchem/mhchem.sty
Package: mhchem 2018/06/22 v4.08 for typesetting chemical formulae
 (/usr/local/texlive/2020/texmf-dist/tex/latex/tools/calc.sty
Package: calc 2017/05/25 v4.3 Infix arithmetic (KKT,FJ)
\calc@Acount=\count433
\calc@Bcount=\count434
\calc@Adimen=\dimen269
\calc@Bdimen=\dimen270
\calc@Askip=\skip101
\calc@Bskip=\skip102
LaTeX Info: Redefining \setlength on input line 80.
LaTeX Info: Redefining \addtolength on input line 81.
\calc@Ccount=\count435
\calc@Cskip=\skip103
) (/usr/local/texlive/2020/texmf-dist/tex/latex/chemgreek/chemgreek.sty
Package: chemgreek 2020/01/16 v1.1a interface for upright Greek letters for use in chemistry (CN)
\l__chemgreek_tmpa_int=\count436
\g__chemgreek_tmpa_int=\count437
)
\l__mhchem_ce_distanceFromLastComma_int=\count438
\__mhchem_arrow_extPgfLength_skip=\skip104
\mhchem@minispace@tmp=\skip105
\mhchem@minibackspace@tmp=\skip106
\mhchem@bondwidth=\skip107
\mhchem@bondheight=\skip108
\mhchem@smallbondwidth@tmpA=\skip109
\mhchem@smallbondwidth@tmpB=\skip110
\mhchem@smallbondwidth=\skip111
\mhchem@bondtmp@minussidebearingleft=\skip112
\mhchem@bondtmp@minussidebearingright=\skip113
\l__mhchem_option_version_int=\count439
\mhchem@option@minusmathsidebearingleft=\dimen271
\mhchem@option@minusmathsidebearingright=\dimen272
\mhchem@option@minustextsidebearingleft=\dimen273
\mhchem@option@minustextsidebearingright=\dimen274


Package mhchem Warning: You did not specify a 'version' option for the mhchem
(mhchem)                package. Please write \usepackage[version=4]{mhchem}
(mhchem)                in your preamble (or any lower number for
(mhchem)                compatibility mode), because you might get slightly
(mhchem)                different output with the same input in future versions.

) (/usr/local/texlive/2020/texmf-dist/tex/latex/pdfpages/pdfpages.sty
Package: pdfpages 2020/01/28 v0.5q Insert pages of external PDF documents (AM)
 (/usr/local/texlive/2020/texmf-dist/tex/latex/eso-pic/eso-pic.sty
Package: eso-pic 2018/04/12 v2.0h eso-pic (RN)
 (/usr/local/texlive/2020/texmf-dist/tex/generic/atbegshi/atbegshi.sty
Package: atbegshi 2019/12/05 v1.19 At begin shipout hook (HO)
))
\AM@pagewidth=\dimen275
\AM@pageheight=\dimen276
 (/usr/local/texlive/2020/texmf-dist/tex/latex/pdfpages/pppdftex.def
File: pppdftex.def 2020/01/28 v0.5q Pdfpages driver for pdfTeX (AM)
)
\AM@pagebox=\box72
\AM@global@opts=\toks34
\AM@pagecnt=\count440
\AM@toc@title=\toks35
\c@AM@survey=\count441
\AM@templatesizebox=\box73
) (/usr/local/texlive/2020/texmf-dist/tex/latex/amscls/amsthm.sty
Package: amsthm 2017/10/31 v2.20.4
\thm@style=\toks36
\thm@bodyfont=\toks37
\thm@headfont=\toks38
\thm@notefont=\toks39
\thm@headpunct=\toks40
\thm@preskip=\skip114
\thm@postskip=\skip115
\thm@headsep=\skip116
\dth@everypar=\toks41
) (/usr/local/texlive/2020/texmf-dist/tex/latex/amsfonts/amssymb.sty
Package: amssymb 2013/01/14 v3.01 AMS font symbols
 (/usr/local/texlive/2020/texmf-dist/tex/latex/amsfonts/amsfonts.sty
Package: amsfonts 2013/01/14 v3.01 Basic AMSFonts support
\symAMSa=\mathgroup7
\symAMSb=\mathgroup8
LaTeX Font Info:    Redeclaring math symbol \hbar on input line 98.
LaTeX Font Info:    Overwriting math alphabet `\mathfrak' in version `bold'
(Font)                  U/euf/m/n --> U/euf/b/n on input line 106.
)) (/usr/local/texlive/2020/texmf-dist/tex/latex/mathtools/mathtools.sty
Package: mathtools 2020/03/24 v1.24 mathematical typesetting tools
 (/usr/local/texlive/2020/texmf-dist/tex/latex/mathtools/mhsetup.sty
Package: mhsetup 2017/03/31 v1.3 programming setup (MH)
)
LaTeX Info: Thecontrolsequence`\('isalreadyrobust on input line 130.
LaTeX Info: Thecontrolsequence`\)'isalreadyrobust on input line 130.
LaTeX Info: Thecontrolsequence`\['isalreadyrobust on input line 130.
LaTeX Info: Thecontrolsequence`\]'isalreadyrobust on input line 130.
\g_MT_multlinerow_int=\count442
\l_MT_multwidth_dim=\dimen277
\origjot=\skip117
\l_MT_shortvdotswithinadjustabove_dim=\dimen278
\l_MT_shortvdotswithinadjustbelow_dim=\dimen279
\l_MT_above_intertext_sep=\dimen280
\l_MT_below_intertext_sep=\dimen281
\l_MT_above_shortintertext_sep=\dimen282
\l_MT_below_shortintertext_sep=\dimen283
\xmathstrut@box=\box74
\xmathstrut@dim=\dimen284
) (/usr/local/texlive/2020/texmf-dist/tex/latex/oberdiek/centernot.sty
Package: centernot 2016/05/16 v1.4 Centers the not symbol horizontally (HO)
) (/usr/local/texlive/2020/texmf-dist/tex/latex/was/gensymb.sty
Package: gensymb 2003/07/02 v1.0 (WaS)
) (/usr/local/texlive/2020/texmf-dist/tex/latex/bbm-macros/bbm.sty
Package: bbm 1999/03/15 V 1.2 provides fonts for set symbols - TH
LaTeX Font Info:    Overwriting math alphabet `\mathbbm' in version `bold'
(Font)                  U/bbm/m/n --> U/bbm/bx/n on input line 33.
LaTeX Font Info:    Overwriting math alphabet `\mathbbmss' in version `bold'
(Font)                  U/bbmss/m/n --> U/bbmss/bx/n on input line 35.
) (/usr/local/texlive/2020/texmf-dist/tex/latex/jknapltx/mathrsfs.sty
Package: mathrsfs 1996/01/01 Math RSFS package v1.0 (jk)
\symrsfs=\mathgroup9
) (/usr/local/texlive/2020/texmf-dist/tex/latex/tcolorbox/tcolorbox.sty
Package: tcolorbox 2019/11/15 version 4.22 text color boxes
 (/usr/local/texlive/2020/texmf-dist/tex/latex/pgf/basiclayer/pgf.sty (/usr/local/texlive/2020/texmf-dist/tex/latex/pgf/utilities/pgfrcs.sty (/usr/local/texlive/2020/texmf-dist/tex/generic/pgf/utilities/pgfutil-common.tex
\pgfutil@everybye=\toks42
\pgfutil@tempdima=\dimen285
\pgfutil@tempdimb=\dimen286
 (/usr/local/texlive/2020/texmf-dist/tex/generic/pgf/utilities/pgfutil-common-lists.tex)) (/usr/local/texlive/2020/texmf-dist/tex/generic/pgf/utilities/pgfutil-latex.def
\pgfutil@abb=\box75
 (/usr/local/texlive/2020/texmf-dist/tex/latex/ms/everyshi.sty
Package: everyshi 2001/05/15 v3.00 EveryShipout Package (MS)
)) (/usr/local/texlive/2020/texmf-dist/tex/generic/pgf/utilities/pgfrcs.code.tex (/usr/local/texlive/2020/texmf-dist/tex/generic/pgf/pgf.revision.tex)
Package: pgfrcs 2020/01/08 v3.1.5b (3.1.5b)
))
Package: pgf 2020/01/08 v3.1.5b (3.1.5b)
 (/usr/local/texlive/2020/texmf-dist/tex/latex/pgf/basiclayer/pgfcore.sty (/usr/local/texlive/2020/texmf-dist/tex/latex/pgf/systemlayer/pgfsys.sty (/usr/local/texlive/2020/texmf-dist/tex/generic/pgf/systemlayer/pgfsys.code.tex
Package: pgfsys 2020/01/08 v3.1.5b (3.1.5b)
 (/usr/local/texlive/2020/texmf-dist/tex/generic/pgf/utilities/pgfkeys.code.tex
\pgfkeys@pathtoks=\toks43
\pgfkeys@temptoks=\toks44
 (/usr/local/texlive/2020/texmf-dist/tex/generic/pgf/utilities/pgfkeysfiltered.code.tex
\pgfkeys@tmptoks=\toks45
))
\pgf@x=\dimen287
\pgf@y=\dimen288
\pgf@xa=\dimen289
\pgf@ya=\dimen290
\pgf@xb=\dimen291
\pgf@yb=\dimen292
\pgf@xc=\dimen293
\pgf@yc=\dimen294
\pgf@xd=\dimen295
\pgf@yd=\dimen296
\w@pgf@writea=\write4
\r@pgf@reada=\read4
\c@pgf@counta=\count443
\c@pgf@countb=\count444
\c@pgf@countc=\count445
\c@pgf@countd=\count446
\t@pgf@toka=\toks46
\t@pgf@tokb=\toks47
\t@pgf@tokc=\toks48
\pgf@sys@id@count=\count447
 (/usr/local/texlive/2020/texmf-dist/tex/generic/pgf/systemlayer/pgf.cfg
File: pgf.cfg 2020/01/08 v3.1.5b (3.1.5b)
)
Driver file for pgf: pgfsys-pdftex.def

(/usr/local/texlive/2020/texmf-dist/tex/generic/pgf/systemlayer/pgfsys-pdftex.def
File: pgfsys-pdftex.def 2020/01/08 v3.1.5b (3.1.5b)
 (/usr/local/texlive/2020/texmf-dist/tex/generic/pgf/systemlayer/pgfsys-common-pdf.def
File: pgfsys-common-pdf.def 2020/01/08 v3.1.5b (3.1.5b)
))) (/usr/local/texlive/2020/texmf-dist/tex/generic/pgf/systemlayer/pgfsyssoftpath.code.tex
File: pgfsyssoftpath.code.tex 2020/01/08 v3.1.5b (3.1.5b)
\pgfsyssoftpath@smallbuffer@items=\count448
\pgfsyssoftpath@bigbuffer@items=\count449
) (/usr/local/texlive/2020/texmf-dist/tex/generic/pgf/systemlayer/pgfsysprotocol.code.tex
File: pgfsysprotocol.code.tex 2020/01/08 v3.1.5b (3.1.5b)
)) (/usr/local/texlive/2020/texmf-dist/tex/latex/xcolor/xcolor.sty
Package: xcolor 2016/05/11 v2.12 LaTeX color extensions (UK)
 (/usr/local/texlive/2020/texmf-dist/tex/latex/graphics-cfg/color.cfg
File: color.cfg 2016/01/02 v1.6 sample color configuration
)
Package xcolor Info: Driver file: pdftex.def on input line 225.
LaTeX Info: Redefining \color on input line 709.
Package xcolor Info: Model `cmy' substituted by `cmy0' on input line 1348.
Package xcolor Info: Model `hsb' substituted by `rgb' on input line 1352.
Package xcolor Info: Model `RGB' extended on input line 1364.
Package xcolor Info: Model `HTML' substituted by `rgb' on input line 1366.
Package xcolor Info: Model `Hsb' substituted by `hsb' on input line 1367.
Package xcolor Info: Model `tHsb' substituted by `hsb' on input line 1368.
Package xcolor Info: Model `HSB' substituted by `hsb' on input line 1369.
Package xcolor Info: Model `Gray' substituted by `gray' on input line 1370.
Package xcolor Info: Model `wave' substituted by `hsb' on input line 1371.
) (/usr/local/texlive/2020/texmf-dist/tex/generic/pgf/basiclayer/pgfcore.code.tex
Package: pgfcore 2020/01/08 v3.1.5b (3.1.5b)
 (/usr/local/texlive/2020/texmf-dist/tex/generic/pgf/math/pgfmath.code.tex (/usr/local/texlive/2020/texmf-dist/tex/generic/pgf/math/pgfmathcalc.code.tex (/usr/local/texlive/2020/texmf-dist/tex/generic/pgf/math/pgfmathutil.code.tex) (/usr/local/texlive/2020/texmf-dist/tex/generic/pgf/math/pgfmathparser.code.tex
\pgfmath@dimen=\dimen297
\pgfmath@count=\count450
\pgfmath@box=\box76
\pgfmath@toks=\toks49
\pgfmath@stack@operand=\toks50
\pgfmath@stack@operation=\toks51
) (/usr/local/texlive/2020/texmf-dist/tex/generic/pgf/math/pgfmathfunctions.code.tex (/usr/local/texlive/2020/texmf-dist/tex/generic/pgf/math/pgfmathfunctions.basic.code.tex) (/usr/local/texlive/2020/texmf-dist/tex/generic/pgf/math/pgfmathfunctions.trigonometric.code.tex) (/usr/local/texlive/2020/texmf-dist/tex/generic/pgf/math/pgfmathfunctions.random.code.tex) (/usr/local/texlive/2020/texmf-dist/tex/generic/pgf/math/pgfmathfunctions.comparison.code.tex) (/usr/local/texlive/2020/texmf-dist/tex/generic/pgf/math/pgfmathfunctions.base.code.tex) (/usr/local/texlive/2020/texmf-dist/tex/generic/pgf/math/pgfmathfunctions.round.code.tex) (/usr/local/texlive/2020/texmf-dist/tex/generic/pgf/math/pgfmathfunctions.misc.code.tex) (/usr/local/texlive/2020/texmf-dist/tex/generic/pgf/math/pgfmathfunctions.integerarithmetics.code.tex))) (/usr/local/texlive/2020/texmf-dist/tex/generic/pgf/math/pgfmathfloat.code.tex
\c@pgfmathroundto@lastzeros=\count451
)) (/usr/local/texlive/2020/texmf-dist/tex/generic/pgf/math/pgfint.code.tex) (/usr/local/texlive/2020/texmf-dist/tex/generic/pgf/basiclayer/pgfcorepoints.code.tex
File: pgfcorepoints.code.tex 2020/01/08 v3.1.5b (3.1.5b)
\pgf@picminx=\dimen298
\pgf@picmaxx=\dimen299
\pgf@picminy=\dimen300
\pgf@picmaxy=\dimen301
\pgf@pathminx=\dimen302
\pgf@pathmaxx=\dimen303
\pgf@pathminy=\dimen304
\pgf@pathmaxy=\dimen305
\pgf@xx=\dimen306
\pgf@xy=\dimen307
\pgf@yx=\dimen308
\pgf@yy=\dimen309
\pgf@zx=\dimen310
\pgf@zy=\dimen311
) (/usr/local/texlive/2020/texmf-dist/tex/generic/pgf/basiclayer/pgfcorepathconstruct.code.tex
File: pgfcorepathconstruct.code.tex 2020/01/08 v3.1.5b (3.1.5b)
\pgf@path@lastx=\dimen312
\pgf@path@lasty=\dimen313
)
(/usr/local/texlive/2020/texmf-dist/tex/generic/pgf/basiclayer/pgfcorepathusage.code.tex
File: pgfcorepathusage.code.tex 2020/01/08 v3.1.5b (3.1.5b)
\pgf@shorten@end@additional=\dimen314
\pgf@shorten@start@additional=\dimen315
) (/usr/local/texlive/2020/texmf-dist/tex/generic/pgf/basiclayer/pgfcorescopes.code.tex
File: pgfcorescopes.code.tex 2020/01/08 v3.1.5b (3.1.5b)
\pgfpic=\box77
\pgf@hbox=\box78
\pgf@layerbox@main=\box79
\pgf@picture@serial@count=\count452
) (/usr/local/texlive/2020/texmf-dist/tex/generic/pgf/basiclayer/pgfcoregraphicstate.code.tex
File: pgfcoregraphicstate.code.tex 2020/01/08 v3.1.5b (3.1.5b)
\pgflinewidth=\dimen316
) (/usr/local/texlive/2020/texmf-dist/tex/generic/pgf/basiclayer/pgfcoretransformations.code.tex
File: pgfcoretransformations.code.tex 2020/01/08 v3.1.5b (3.1.5b)
\pgf@pt@x=\dimen317
\pgf@pt@y=\dimen318
\pgf@pt@temp=\dimen319
) (/usr/local/texlive/2020/texmf-dist/tex/generic/pgf/basiclayer/pgfcorequick.code.tex
File: pgfcorequick.code.tex 2020/01/08 v3.1.5b (3.1.5b)
) (/usr/local/texlive/2020/texmf-dist/tex/generic/pgf/basiclayer/pgfcoreobjects.code.tex
File: pgfcoreobjects.code.tex 2020/01/08 v3.1.5b (3.1.5b)
) (/usr/local/texlive/2020/texmf-dist/tex/generic/pgf/basiclayer/pgfcorepathprocessing.code.tex
File: pgfcorepathprocessing.code.tex 2020/01/08 v3.1.5b (3.1.5b)
) (/usr/local/texlive/2020/texmf-dist/tex/generic/pgf/basiclayer/pgfcorearrows.code.tex
File: pgfcorearrows.code.tex 2020/01/08 v3.1.5b (3.1.5b)
\pgfarrowsep=\dimen320
) (/usr/local/texlive/2020/texmf-dist/tex/generic/pgf/basiclayer/pgfcoreshade.code.tex
File: pgfcoreshade.code.tex 2020/01/08 v3.1.5b (3.1.5b)
\pgf@max=\dimen321
\pgf@sys@shading@range@num=\count453
\pgf@shadingcount=\count454
) (/usr/local/texlive/2020/texmf-dist/tex/generic/pgf/basiclayer/pgfcoreimage.code.tex
File: pgfcoreimage.code.tex 2020/01/08 v3.1.5b (3.1.5b)
 (/usr/local/texlive/2020/texmf-dist/tex/generic/pgf/basiclayer/pgfcoreexternal.code.tex
File: pgfcoreexternal.code.tex 2020/01/08 v3.1.5b (3.1.5b)
\pgfexternal@startupbox=\box80
)) (/usr/local/texlive/2020/texmf-dist/tex/generic/pgf/basiclayer/pgfcorelayers.code.tex
File: pgfcorelayers.code.tex 2020/01/08 v3.1.5b (3.1.5b)
) (/usr/local/texlive/2020/texmf-dist/tex/generic/pgf/basiclayer/pgfcoretransparency.code.tex
File: pgfcoretransparency.code.tex 2020/01/08 v3.1.5b (3.1.5b)
) (/usr/local/texlive/2020/texmf-dist/tex/generic/pgf/basiclayer/pgfcorepatterns.code.tex
File: pgfcorepatterns.code.tex 2020/01/08 v3.1.5b (3.1.5b)
) (/usr/local/texlive/2020/texmf-dist/tex/generic/pgf/basiclayer/pgfcorerdf.code.tex
File: pgfcorerdf.code.tex 2020/01/08 v3.1.5b (3.1.5b)
))) (/usr/local/texlive/2020/texmf-dist/tex/generic/pgf/modules/pgfmoduleshapes.code.tex
File: pgfmoduleshapes.code.tex 2020/01/08 v3.1.5b (3.1.5b)
\pgfnodeparttextbox=\box81
) (/usr/local/texlive/2020/texmf-dist/tex/generic/pgf/modules/pgfmoduleplot.code.tex
File: pgfmoduleplot.code.tex 2020/01/08 v3.1.5b (3.1.5b)
) (/usr/local/texlive/2020/texmf-dist/tex/latex/pgf/compatibility/pgfcomp-version-0-65.sty
Package: pgfcomp-version-0-65 2020/01/08 v3.1.5b (3.1.5b)
\pgf@nodesepstart=\dimen322
\pgf@nodesepend=\dimen323
) (/usr/local/texlive/2020/texmf-dist/tex/latex/pgf/compatibility/pgfcomp-version-1-18.sty
Package: pgfcomp-version-1-18 2020/01/08 v3.1.5b (3.1.5b)
)) (/usr/local/texlive/2020/texmf-dist/tex/latex/tools/verbatim.sty
Package: verbatim 2019/11/10 v1.5r LaTeX2e package for verbatim enhancements
\every@verbatim=\toks52
\verbatim@line=\toks53
\verbatim@in@stream=\read5
) (/usr/local/texlive/2020/texmf-dist/tex/latex/environ/environ.sty
Package: environ 2014/05/04 v0.3 A new way to define environments
 (/usr/local/texlive/2020/texmf-dist/tex/latex/trimspaces/trimspaces.sty
Package: trimspaces 2009/09/17 v1.1 Trim spaces around a token list
))
\tcb@titlebox=\box82
\tcb@upperbox=\box83
\tcb@lowerbox=\box84
\tcb@phantombox=\box85
\c@tcbbreakpart=\count455
\c@tcblayer=\count456
\tcolorbox@number=\count457
\tcb@temp=\box86
\tcb@temp=\box87
\tcb@temp=\box88
\tcb@temp=\box89
\tcb@out=\write5
\tcb@record@out=\write6
 (/usr/local/texlive/2020/texmf-dist/tex/latex/tcolorbox/tcbraster.code.tex
Library (tcolorbox): 'tcbraster.code.tex' version '4.22'
\c@tcbrastercolumn=\count458
\c@tcbrasterrow=\count459
\c@tcbraster=\count460
) (/usr/local/texlive/2020/texmf-dist/tex/latex/tcolorbox/tcbskins.code.tex
Library (tcolorbox): 'tcbskins.code.tex' version '4.22'
(/usr/local/texlive/2020/texmf-dist/tex/latex/pgf/frontendlayer/tikz.sty (/usr/local/texlive/2020/texmf-dist/tex/latex/pgf/utilities/pgffor.sty (/usr/local/texlive/2020/texmf-dist/tex/latex/pgf/utilities/pgfkeys.sty (/usr/local/texlive/2020/texmf-dist/tex/generic/pgf/utilities/pgfkeys.code.tex)) (/usr/local/texlive/2020/texmf-dist/tex/latex/pgf/math/pgfmath.sty (/usr/local/texlive/2020/texmf-dist/tex/generic/pgf/math/pgfmath.code.tex)) (/usr/local/texlive/2020/texmf-dist/tex/generic/pgf/utilities/pgffor.code.tex
Package: pgffor 2020/01/08 v3.1.5b (3.1.5b)
 (/usr/local/texlive/2020/texmf-dist/tex/generic/pgf/math/pgfmath.code.tex)
\pgffor@iter=\dimen324
\pgffor@skip=\dimen325
\pgffor@stack=\toks54
\pgffor@toks=\toks55
)) (/usr/local/texlive/2020/texmf-dist/tex/generic/pgf/frontendlayer/tikz/tikz.code.tex
Package: tikz 2020/01/08 v3.1.5b (3.1.5b)
 (/usr/local/texlive/2020/texmf-dist/tex/generic/pgf/libraries/pgflibraryplothandlers.code.tex
File: pgflibraryplothandlers.code.tex 2020/01/08 v3.1.5b (3.1.5b)
\pgf@plot@mark@count=\count461
\pgfplotmarksize=\dimen326
)
\tikz@lastx=\dimen327
\tikz@lasty=\dimen328
\tikz@lastxsaved=\dimen329
\tikz@lastysaved=\dimen330
\tikz@lastmovetox=\dimen331
\tikz@lastmovetoy=\dimen332
\tikzleveldistance=\dimen333
\tikzsiblingdistance=\dimen334
\tikz@figbox=\box90
\tikz@figbox@bg=\box91
\tikz@tempbox=\box92
\tikz@tempbox@bg=\box93
\tikztreelevel=\count462
\tikznumberofchildren=\count463
\tikznumberofcurrentchild=\count464
\tikz@fig@count=\count465
 (/usr/local/texlive/2020/texmf-dist/tex/generic/pgf/modules/pgfmodulematrix.code.tex
File: pgfmodulematrix.code.tex 2020/01/08 v3.1.5b (3.1.5b)
\pgfmatrixcurrentrow=\count466
\pgfmatrixcurrentcolumn=\count467
\pgf@matrix@numberofcolumns=\count468
)
\tikz@expandcount=\count469
 (/usr/local/texlive/2020/texmf-dist/tex/generic/pgf/frontendlayer/tikz/libraries/tikzlibrarytopaths.code.tex
File: tikzlibrarytopaths.code.tex 2020/01/08 v3.1.5b (3.1.5b)
)))
\tcb@waterbox=\box94
 (/usr/local/texlive/2020/texmf-dist/tex/latex/tcolorbox/tcbskinsjigsaw.code.tex
Library (tcolorbox): 'tcbskinsjigsaw.code.tex' version '4.22'
)) (/usr/local/texlive/2020/texmf-dist/tex/latex/tcolorbox/tcbbreakable.code.tex
Library (tcolorbox): 'tcbbreakable.code.tex' version '4.22'
\tcb@testbox=\box95
\tcb@totalupperbox=\box96
\tcb@totallowerbox=\box97
) (/usr/local/texlive/2020/texmf-dist/tex/latex/tcolorbox/tcbhooks.code.tex
Library (tcolorbox): 'tcbhooks.code.tex' version '4.22'
) (/usr/local/texlive/2020/texmf-dist/tex/latex/tcolorbox/tcbtheorems.code.tex
Library (tcolorbox): 'tcbtheorems.code.tex' version '4.22'
) (/usr/local/texlive/2020/texmf-dist/tex/latex/tcolorbox/tcbfitting.code.tex
Library (tcolorbox): 'tcbfitting.code.tex' version '4.22'
\tcbfitdim=\dimen335
\tcb@lowerfitdim=\dimen336
\tcb@upperfitdim=\dimen337
\tcb@cur@hbadness=\count470
) (/usr/local/texlive/2020/texmf-dist/tex/latex/tcolorbox/tcbxparse.code.tex
Library (tcolorbox): 'tcbxparse.code.tex' version '4.22'
)) (/usr/local/texlive/2020/texmf-dist/tex/latex/mathtools/empheq.sty
Package: empheq 2017/03/31 v2.15 Emphasizing equations
\l_EQ_equationtype_int=\count471
\l_EQ_alignmentmode_int=\count472
\l_EQ_totalwidth_dim=\dimen338
\l_EQ_displaywidth_dim=\dimen339
\l_EQ_temp_linewidth_dim=\dimen340
\l_EQ_linewidth_dim=\dimen341
\EmphEqdelimitershortfall=\dimen342
\EmphEqdelimiterfactor=\count473
\g_EQ_toptag_height_dim=\dimen343
\g_EQ_bottomtag_depth_dim=\dimen344
\g_EQ_toprow_height_dim=\dimen345
\g_EQ_bottomrow_depth_dim=\dimen346
\g_EQ_widesttag_dim=\dimen347
\EQ_mathdisplay_box=\box98
\EQ_tag_box=\box99
\g_EQ_temprow_int=\count474
) (/usr/local/texlive/2020/texmf-dist/tex/latex/microtype/microtype.sty
Package: microtype 2019/11/18 v2.7d Micro-typographical refinements (RS)
\MT@toks=\toks56
\MT@count=\count475
LaTeX Info: Redefining \textls on input line 790.
\MT@outer@kern=\dimen348
LaTeX Info: Redefining \textmicrotypecontext on input line 1354.
\MT@listname@count=\count476
 (/usr/local/texlive/2020/texmf-dist/tex/latex/microtype/microtype-pdftex.def
File: microtype-pdftex.def 2019/11/18 v2.7d Definitions specific to pdftex (RS)
LaTeX Info: Redefining \lsstyle on input line 914.
LaTeX Info: Redefining \lslig on input line 914.
\MT@outer@space=\skip118
)
Package microtype Info: Loading configuration file microtype.cfg.
 (/usr/local/texlive/2020/texmf-dist/tex/latex/microtype/microtype.cfg
File: microtype.cfg 2019/11/18 v2.7d microtype main configuration file (RS)
)) (/usr/local/texlive/2020/texmf-dist/tex/latex/hyperref/hyperref.sty
Package: hyperref 2020/01/14 v7.00d Hypertext links for LaTeX
 (/usr/local/texlive/2020/texmf-dist/tex/generic/kvdefinekeys/kvdefinekeys.sty
Package: kvdefinekeys 2019-12-19 v1.6 Define keys (HO)
) (/usr/local/texlive/2020/texmf-dist/tex/generic/pdfescape/pdfescape.sty
Package: pdfescape 2019/12/09 v1.15 Implements pdfTeX's escape features (HO)
) (/usr/local/texlive/2020/texmf-dist/tex/latex/hycolor/hycolor.sty
Package: hycolor 2020-01-27 v1.10 Color options for hyperref/bookmark (HO)
) (/usr/local/texlive/2020/texmf-dist/tex/latex/letltxmacro/letltxmacro.sty
Package: letltxmacro 2019/12/03 v1.6 Let assignment for LaTeX macros (HO)
) (/usr/local/texlive/2020/texmf-dist/tex/latex/auxhook/auxhook.sty
Package: auxhook 2019-12-17 v1.6 Hooks for auxiliary files (HO)
)
\@linkdim=\dimen349
\Hy@linkcounter=\count477
\Hy@pagecounter=\count478
 (/usr/local/texlive/2020/texmf-dist/tex/latex/hyperref/pd1enc.def
File: pd1enc.def 2020/01/14 v7.00d Hyperref: PDFDocEncoding definition (HO)
Now handling font encoding PD1 ...
... no UTF-8 mapping file for font encoding PD1
) (/usr/local/texlive/2020/texmf-dist/tex/generic/intcalc/intcalc.sty
Package: intcalc 2019/12/15 v1.3 Expandable calculations with integers (HO)
) (/usr/local/texlive/2020/texmf-dist/tex/generic/etexcmds/etexcmds.sty
Package: etexcmds 2019/12/15 v1.7 Avoid name clashes with e-TeX commands (HO)
)
\Hy@SavedSpaceFactor=\count479
Package hyperref Info: Option `colorlinks' set `true' on input line 4421.
Package hyperref Info: Hyper figures OFF on input line 4547.
Package hyperref Info: Link nesting OFF on input line 4552.
Package hyperref Info: Hyper index ON on input line 4555.
Package hyperref Info: Plain pages OFF on input line 4562.
Package hyperref Info: Backreferencing OFF on input line 4567.
Package hyperref Info: Implicit mode ON; LaTeX internals redefined.
Package hyperref Info: Bookmarks ON on input line 4800.
\c@Hy@tempcnt=\count480
LaTeX Info: Redefining \url on input line 5159.
\XeTeXLinkMargin=\dimen350
 (/usr/local/texlive/2020/texmf-dist/tex/generic/bitset/bitset.sty
Package: bitset 2019/12/09 v1.3 Handle bit-vector datatype (HO)
 (/usr/local/texlive/2020/texmf-dist/tex/generic/bigintcalc/bigintcalc.sty
Package: bigintcalc 2019/12/15 v1.5 Expandable calculations on big integers (HO)
))
\Fld@menulength=\count481
\Field@Width=\dimen351
\Fld@charsize=\dimen352
Package hyperref Info: Hyper figures OFF on input line 6430.
Package hyperref Info: Link nesting OFF on input line 6435.
Package hyperref Info: Hyper index ON on input line 6438.
Package hyperref Info: backreferencing OFF on input line 6445.
Package hyperref Info: Link coloring ON on input line 6448.
Package hyperref Info: Link coloring with OCG OFF on input line 6455.
Package hyperref Info: PDF/A mode OFF on input line 6460.
LaTeX Info: Redefining \ref on input line 6500.
LaTeX Info: Redefining \pageref on input line 6504.
\Hy@abspage=\count482
\c@Item=\count483
\c@Hfootnote=\count484
)
Package hyperref Info: Driver (autodetected): hpdftex.
 (/usr/local/texlive/2020/texmf-dist/tex/latex/hyperref/hpdftex.def
File: hpdftex.def 2020/01/14 v7.00d Hyperref driver for pdfTeX
 (/usr/local/texlive/2020/texmf-dist/tex/latex/atveryend/atveryend.sty
Package: atveryend 2019-12-11 v1.11 Hooks at the very end of document (HO)
)
\Fld@listcount=\count485
\c@bookmark@seq@number=\count486
 (/usr/local/texlive/2020/texmf-dist/tex/latex/rerunfilecheck/rerunfilecheck.sty
Package: rerunfilecheck 2019/12/05 v1.9 Rerun checks for auxiliary files (HO)
 (/usr/local/texlive/2020/texmf-dist/tex/generic/uniquecounter/uniquecounter.sty
Package: uniquecounter 2019/12/15 v1.4 Provide unlimited unique counter (HO)
)
Package uniquecounter Info: New unique counter `rerunfilecheck' on input line 286.
)
\Hy@SectionHShift=\skip119
)

Package biblatex Warning: 'babel/polyglossia' detected but 'csquotes' missing.
(biblatex)                Loading 'csquotes' recommended.

\@quotelevel=\count487
\@quotereset=\count488
(/Users/fabianjaeger/Desktop/Bachelor Thesis/Bachelor_Thesis/.texpadtmp/Bachelor_Thesis_UZH.aux)
\openout1 = `Bachelor_Thesis_UZH.aux'.

LaTeX Font Info:    Checking defaults for OML/cmm/m/it on input line 88.
LaTeX Font Info:    ... okay on input line 88.
LaTeX Font Info:    Checking defaults for OMS/cmsy/m/n on input line 88.
LaTeX Font Info:    ... okay on input line 88.
LaTeX Font Info:    Checking defaults for OT1/cmr/m/n on input line 88.
LaTeX Font Info:    ... okay on input line 88.
LaTeX Font Info:    Checking defaults for T1/cmr/m/n on input line 88.
LaTeX Font Info:    ... okay on input line 88.
LaTeX Font Info:    Checking defaults for TS1/cmr/m/n on input line 88.
LaTeX Font Info:    ... okay on input line 88.
LaTeX Font Info:    Checking defaults for OMX/cmex/m/n on input line 88.
LaTeX Font Info:    ... okay on input line 88.
LaTeX Font Info:    Checking defaults for U/cmr/m/n on input line 88.
LaTeX Font Info:    ... okay on input line 88.
LaTeX Font Info:    Checking defaults for PD1/pdf/m/n on input line 88.
LaTeX Font Info:    ... okay on input line 88.
 (/usr/local/texlive/2020/texmf-dist/tex/context/base/mkii/supp-pdf.mkii
[Loading MPS to PDF converter (version 2006.09.02).]
\scratchcounter=\count489
\scratchdimen=\dimen353
\scratchbox=\box100
\nofMPsegments=\count490
\nofMParguments=\count491
\everyMPshowfont=\toks57
\MPscratchCnt=\count492
\MPscratchDim=\dimen354
\MPnumerator=\count493
\makeMPintoPDFobject=\count494
\everyMPtoPDFconversion=\toks58
) (/usr/local/texlive/2020/texmf-dist/tex/latex/epstopdf-pkg/epstopdf-base.sty
Package: epstopdf-base 2020-01-24 v2.11 Base part for package epstopdf
Package epstopdf-base Info: Redefining graphics rule for `.eps' on input line 485.
 (/usr/local/texlive/2020/texmf-dist/tex/latex/latexconfig/epstopdf-sys.cfg
File: epstopdf-sys.cfg 2010/07/13 v1.3 Configuration of (r)epstopdf for TeX Live
))
*geometry* driver: auto-detecting
*geometry* detected driver: pdftex
*geometry* verbose mode - [ preamble ] result:
* driver: pdftex
* paper: a4paper
* layout: <same size as paper>
* layoutoffset:(h,v)=(0.0pt,0.0pt)
* modes: includefoot 
* h-part:(L,W,R)=(72.26999pt, 452.9679pt, 72.26999pt)
* v-part:(T,H,B)=(72.26999pt, 700.50687pt, 72.26999pt)
* \paperwidth=597.50787pt
* \paperheight=845.04684pt
* \textwidth=452.9679pt
* \textheight=670.50687pt
* \oddsidemargin=0.0pt
* \evensidemargin=0.0pt
* \topmargin=-37.0pt
* \headheight=12.0pt
* \headsep=25.0pt
* \topskip=11.0pt
* \footskip=30.0pt
* \marginparwidth=50.0pt
* \marginparsep=10.0pt
* \columnsep=10.0pt
* \skip\footins=10.0pt plus 4.0pt minus 2.0pt
* \hoffset=0.0pt
* \voffset=0.0pt
* \mag=1000
* \@twocolumnfalse
* \@twosidefalse
* \@mparswitchfalse
* \@reversemarginfalse
* (1in=72.27pt=25.4mm, 1cm=28.453pt)

Package caption Info: Begin \AtBeginDocument code.
Package caption Info: float package is loaded.
Package caption Info: hyperref package is loaded.
Package caption Info: sidecap package is loaded.
Package caption Info: wrapfig package is loaded.
Package caption Info: End \AtBeginDocument code.
Package biblatex Info: Trying to load language 'english'...
Package biblatex Info: ... file 'english.lbx' found.
(/usr/local/texlive/2020/texmf-dist/tex/latex/biblatex/lbx/english.lbx
File: english.lbx 2019/12/01 v3.14 biblatex localization (PK/MW)
)
Package biblatex Info: Input encoding 'utf8' detected.
Package biblatex Info: Automatic encoding selection.
(biblatex)             Assuming data encoding 'utf8'.
Package biblatex Info: Input encoding 'utf8' specified.
Package biblatex Info: Data encoding 'utf8' specified.
(biblatex)             No need to reencode data.
\openout3 = `Bachelor_Thesis_UZH-blx.bib'.

Package biblatex Info: Trying to load bibliographic data...
Package biblatex Info: ... file 'Bachelor_Thesis_UZH.bbl' found.
 (/Users/fabianjaeger/Desktop/Bachelor Thesis/Bachelor_Thesis/.texpadtmp/Bachelor_Thesis_UZH.bbl)
Package biblatex Info: Reference section=0 on input line 88.
Package biblatex Info: Reference segment=0 on input line 88.
 (/usr/local/texlive/2020/texmf-dist/tex/latex/ragged2e/ragged2e.sty
Package: ragged2e 2019/07/28 v2.2 ragged2e Package (MS)
 (/usr/local/texlive/2020/texmf-dist/tex/latex/ms/everysel.sty
Package: everysel 2011/10/28 v1.2 EverySelectfont Package (MS)
 ABD: EverySelectfont initializing macros
LaTeX Info: Redefining \selectfont on input line 126.
)
\CenteringLeftskip=\skip120
\RaggedLeftLeftskip=\skip121
\RaggedRightLeftskip=\skip122
\CenteringRightskip=\skip123
\RaggedLeftRightskip=\skip124
\RaggedRightRightskip=\skip125
\CenteringParfillskip=\skip126
\RaggedLeftParfillskip=\skip127
\RaggedRightParfillskip=\skip128
\JustifyingParfillskip=\skip129
\CenteringParindent=\skip130
\RaggedLeftParindent=\skip131
\RaggedRightParindent=\skip132
\JustifyingParindent=\skip133
) (/usr/local/texlive/2020/texmf-dist/tex/latex/translator/translator-basic-dictionary-English.dict
Dictionary: translator-basic-dictionary, Language: English 
) (/usr/local/texlive/2020/texmf-dist/tex/latex/siunitx/siunitx-abbreviations.cfg
File: siunitx-abbreviations.cfg 2017/11/26 v2.7k siunitx: Abbreviated units
)

Package chemgreek Info: Activating mapping `default' on line 88.

\AtBeginShipoutBox=\box101
\symgns@font=\mathgroup10
LaTeX Font Info:    Overwriting symbol font `gns@font' in version `bold'
(Font)                  TS1/cmr/m/n --> TS1/cmr/b/n on input line 88.
Package gensymb Info: Math companion symbols declared on input line 88.
LaTeX Info: Redefining \degree on input line 88.
LaTeX Info: Redefining \celsius on input line 88.
Package gensymb Info: Using text companion symbols for \degree, \celsius and \perthousand on input line 88.
LaTeX Info: Redefining \ohm on input line 88.
Package gensymb Info: Using \textohm for \ohm on input line 88.
LaTeX Info: Redefining \micro on input line 88.
Package gensymb Info: Using \textmu for \micro on input line 88.
 ABD: EveryShipout initializing macros
LaTeX Info: Redefining \microtypecontext on input line 88.
Package microtype Info: Generating PDF output.
Package microtype Info: Character protrusion enabled (level 2).
Package microtype Info: Using default protrusion set `alltext'.
Package microtype Info: Automatic font expansion enabled (level 2),
(microtype)             stretch: 20, shrink: 20, step: 1, non-selected.
Package microtype Info: Using default expansion set `basictext'.
LaTeX Info: Redefining \showhyphens on input line 88.
Package microtype Info: No adjustment of tracking.
Package microtype Info: No adjustment of interword spacing.
Package microtype Info: No adjustment of character kerning.
 (/usr/local/texlive/2020/texmf-dist/tex/latex/microtype/mt-cmr.cfg
File: mt-cmr.cfg 2013/05/19 v2.2 microtype config. file: Computer Modern Roman (RS)
)
Package hyperref Info: Link coloring ON on input line 88.
 (/usr/local/texlive/2020/texmf-dist/tex/latex/hyperref/nameref.sty
Package: nameref 2019/09/16 v2.46 Cross-referencing by name of section
 (/usr/local/texlive/2020/texmf-dist/tex/latex/refcount/refcount.sty
Package: refcount 2019/12/15 v3.6 Data extraction from label references (HO)
) (/usr/local/texlive/2020/texmf-dist/tex/generic/gettitlestring/gettitlestring.sty
Package: gettitlestring 2019/12/15 v1.6 Cleanup title references (HO)
)
\c@section@level=\count495
)
LaTeX Info: Redefining \ref on input line 88.
LaTeX Info: Redefining \pageref on input line 88.
LaTeX Info: Redefining \nameref on input line 88.
 (/Users/fabianjaeger/Desktop/Bachelor Thesis/Bachelor_Thesis/.texpadtmp/Bachelor_Thesis_UZH.out) (/Users/fabianjaeger/Desktop/Bachelor Thesis/Bachelor_Thesis/.texpadtmp/Bachelor_Thesis_UZH.out)
\@outlinefile=\write7
\openout7 = `Bachelor_Thesis_UZH.out'.

LaTeX Font Info:    Trying to load font information for U+msa on input line 88.
 (/usr/local/texlive/2020/texmf-dist/tex/latex/amsfonts/umsa.fd
File: umsa.fd 2013/01/14 v3.01 AMS symbols A
) (/usr/local/texlive/2020/texmf-dist/tex/latex/microtype/mt-msa.cfg
File: mt-msa.cfg 2006/02/04 v1.1 microtype config. file: AMS symbols (a) (RS)
)
LaTeX Font Info:    Trying to load font information for U+msb on input line 88.
 (/usr/local/texlive/2020/texmf-dist/tex/latex/amsfonts/umsb.fd
File: umsb.fd 2013/01/14 v3.01 AMS symbols B
) (/usr/local/texlive/2020/texmf-dist/tex/latex/microtype/mt-msb.cfg
File: mt-msb.cfg 2005/06/01 v1.0 microtype config. file: AMS symbols (b) (RS)
)
LaTeX Font Info:    Trying to load font information for U+rsfs on input line 88.
 (/usr/local/texlive/2020/texmf-dist/tex/latex/jknapltx/ursfs.fd
File: ursfs.fd 1998/03/24 rsfs font definition file (jk)
)
Package microtype Info: Loading generic protrusion settings for font family
(microtype)             `cmss' (encoding: OT1).
(microtype)             For optimal results, create family-specific settings.
(microtype)             See the microtype manual for details.
Package microtype Info: Loading generic protrusion settings for font family
(microtype)             `cmtt' (encoding: OT1).
(microtype)             For optimal results, create family-specific settings.
(microtype)             See the microtype manual for details.
<UZH2.png, id=123, 1204.5pt x 1197.47375pt>
File: UZH2.png Graphic file (type png)
<use UZH2.png>
Package pdftex.def Info: UZH2.png  used on input line 142.
(pdftex.def)             Requested size: 154.00742pt x 153.10071pt.
 [1

{/usr/local/texlive/2020/texmf-var/fonts/map/pdftex/updmap/pdftex.map} <./UZH2.png>]

Package Fancyhdr Warning: \headheight is too small (12.0pt): 
Make it at least 13.59999pt.
We now make it that large for the rest of the document.
This may cause the page layout to be inconsistent, however.

pdfTeX warning (ext4): destination with the same identifier (name{page.1}) has been already used, duplicate ignored
<to be read again> 
                   \relax 
l.185 \newpage
               [1] (/Users/fabianjaeger/Desktop/Bachelor Thesis/Bachelor_Thesis/.texpadtmp/Bachelor_Thesis_UZH.toc)
\tf@toc=\write8
\openout8 = `Bachelor_Thesis_UZH.toc'.

 [2]
Underfull \hbox (badness 10000) in paragraph at lines 197--198

 []


Underfull \hbox (badness 10000) in paragraph at lines 219--221

 []

[3]

pdfTeX warning: /Library/TeX/texbin/pdflatex (file ./TightBindingModel-Illustration.pdf): PDF inclusion: found PDF version <1.7>, but at most version <1.5> allowed
<TightBindingModel-Illustration.pdf, id=200, 1927.2pt x 1084.05pt>
File: TightBindingModel-Illustration.pdf Graphic file (type pdf)
<use TightBindingModel-Illustration.pdf>
Package pdftex.def Info: TightBindingModel-Illustration.pdf  used on input line 240.
(pdftex.def)             Requested size: 362.37569pt x 203.82127pt.
[4 <./TightBindingModel-Illustration.pdf>] [5]
Underfull \hbox (badness 10000) in paragraph at lines 319--321

 []

[6]
Underfull \hbox (badness 10000) in paragraph at lines 363--365

 []

<dispersionrelationH0.pdf, id=345, 433.62pt x 433.62pt>
File: dispersionrelationH0.pdf Graphic file (type pdf)
<use dispersionrelationH0.pdf>
Package pdftex.def Info: dispersionrelationH0.pdf  used on input line 415.
(pdftex.def)             Requested size: 221.95676pt x 221.9571pt.
<dispersionrelationSSD.pdf, id=346, 433.62pt x 433.62pt>
File: dispersionrelationSSD.pdf Graphic file (type pdf)
<use dispersionrelationSSD.pdf>
Package pdftex.def Info: dispersionrelationSSD.pdf  used on input line 418.
(pdftex.def)             Requested size: 221.95676pt x 221.9571pt.

LaTeX Warning: `h' float specifier changed to `ht'.

[7]
Underfull \hbox (badness 10000) in paragraph at lines 437--438

 []


Underfull \hbox (badness 10000) in paragraph at lines 439--440

 []

[8 <./dispersionrelationH0.pdf> <./dispersionrelationSSD.pdf

pdfTeX warning: /Library/TeX/texbin/pdflatex (file ./dispersionrelationSSD.pdf): PDF inclusion: multiple pdfs with page group included in a single page
>]
Underfull \hbox (badness 10000) in paragraph at lines 441--442

 []


Underfull \hbox (badness 10000) in paragraph at lines 461--463

 []

<SSD_Construction.pdf, id=407, 724.22572pt x 536.22531pt>
File: SSD_Construction.pdf Graphic file (type pdf)
<use SSD_Construction.pdf>
Package pdftex.def Info: SSD_Construction.pdf  used on input line 473.
(pdftex.def)             Requested size: 271.7835pt x 201.23128pt.

LaTeX Warning: `h' float specifier changed to `ht'.

[9]
Overfull \hbox (9.89778pt too wide) detected at line 505
[][][] \OT1/cmr/m/n/10.95 = [] [] \OMS/cmsy/m/n/10.95 ^^@[] [] ^^@ [] []
 []

[10 <./SSD_Construction.pdf>] [11]
Underfull \hbox (badness 10000) in paragraph at lines 576--578

 []


Underfull \hbox (badness 10000) in paragraph at lines 582--583

 []



pdfTeX warning: /Library/TeX/texbin/pdflatex (file ./Disperion_relation1D.pdf): PDF inclusion: found PDF version <1.7>, but at most version <1.5> allowed
<Disperion_relation1D.pdf, id=494, 1517.93393pt x 567.81532pt>
File: Disperion_relation1D.pdf Graphic file (type pdf)
<use Disperion_relation1D.pdf>
Package pdftex.def Info: Disperion_relation1D.pdf  used on input line 620.
(pdftex.def)             Requested size: 362.37569pt x 135.55067pt.
[12]
<Occupation_number_H0_OBC.pdf, id=506, 433.62pt x 433.62pt>
File: Occupation_number_H0_OBC.pdf Graphic file (type pdf)
<use Occupation_number_H0_OBC.pdf>
Package pdftex.def Info: Occupation_number_H0_OBC.pdf  used on input line 629.
(pdftex.def)             Requested size: 221.95676pt x 221.9571pt.
<Occupation_number_H0_PBC.pdf, id=507, 433.62pt x 433.62pt>
File: Occupation_number_H0_PBC.pdf Graphic file (type pdf)
<use Occupation_number_H0_PBC.pdf>
Package pdftex.def Info: Occupation_number_H0_PBC.pdf  used on input line 634.
(pdftex.def)             Requested size: 221.95676pt x 221.9571pt.
<Occupation_number_H1.pdf, id=508, 794.97pt x 578.16pt>
File: Occupation_number_H1.pdf Graphic file (type pdf)
<use Occupation_number_H1.pdf>
Package pdftex.def Info: Occupation_number_H1.pdf  used on input line 644.
(pdftex.def)             Requested size: 407.66833pt x 296.48976pt.


LaTeX Warning: `h' float specifier changed to `ht'.

<BondEnergy.pdf, id=509, 867.24pt x 650.43pt>
File: BondEnergy.pdf Graphic file (type pdf)
<use BondEnergy.pdf>
Package pdftex.def Info: BondEnergy.pdf  used on input line 653.
(pdftex.def)             Requested size: 362.37569pt x 271.77934pt.

LaTeX Warning: `h' float specifier changed to `ht'.



pdfTeX warning: /Library/TeX/texbin/pdflatex (file ./Dispersion_relation2d.pdf): PDF inclusion: found PDF version <1.7>, but at most version <1.5> allowed
<Dispersion_relation2d.pdf, id=510, 1351.22516pt x 1060.42279pt>
File: Dispersion_relation2d.pdf Graphic file (type pdf)
<use Dispersion_relation2d.pdf>
Package pdftex.def Info: Dispersion_relation2d.pdf  used on input line 664.
(pdftex.def)             Requested size: 221.95676pt x 174.18553pt.
<Dispersion_Relation2d_Top.pdf, id=511, 255.7525pt x 259.54924pt>
File: Dispersion_Relation2d_Top.pdf Graphic file (type pdf)
<use Dispersion_Relation2d_Top.pdf>
Package pdftex.def Info: Dispersion_Relation2d_Top.pdf  used on input line 669.
(pdftex.def)             Requested size: 177.56607pt x 180.20203pt.

LaTeX Warning: `h' float specifier changed to `ht'.



pdfTeX warning: /Library/TeX/texbin/pdflatex (file ./Floquet_Drive1D_Deformation.pdf): PDF inclusion: found PDF version <1.7>, but at most version <1.5> allowed
<Floquet_Drive1D_Deformation.pdf, id=512, 864.55595pt x 335.27658pt>
File: Floquet_Drive1D_Deformation.pdf Graphic file (type pdf)
<use Floquet_Drive1D_Deformation.pdf>
Package pdftex.def Info: Floquet_Drive1D_Deformation.pdf  used on input line 684.
(pdftex.def)             Requested size: 203.83417pt x 79.04579pt.


pdfTeX warning: /Library/TeX/texbin/pdflatex (file ./Floquet_Drive.pdf): PDF inclusion: found PDF version <1.7>, but at most version <1.5> allowed
<Floquet_Drive.pdf, id=513, 735.76584pt x 453.55446pt>
File: Floquet_Drive.pdf Graphic file (type pdf)
<use Floquet_Drive.pdf>
Package pdftex.def Info: Floquet_Drive.pdf  used on input line 688.
(pdftex.def)             Requested size: 193.64183pt x 119.3678pt.

LaTeX Warning: `h' float specifier changed to `ht'.



pdfTeX warning: /Library/TeX/texbin/pdflatex (file ./ColorMapMatrices_OBC.pdf): PDF inclusion: found PDF version <1.7>, but at most version <1.5> allowed
<ColorMapMatrices_OBC.pdf, id=514, 589.76335pt x 483.76836pt>
File: ColorMapMatrices_OBC.pdf Graphic file (type pdf)
<use ColorMapMatrices_OBC.pdf>
Package pdftex.def Info: ColorMapMatrices_OBC.pdf  used on input line 698.
(pdftex.def)             Requested size: 140.41893pt x 115.18405pt.


pdfTeX warning: /Library/TeX/texbin/pdflatex (file ./ColorMapMatrices_PBC.pdf): PDF inclusion: found PDF version <1.7>, but at most version <1.5> allowed
<ColorMapMatrices_PBC.pdf, id=515, 589.76335pt x 483.76836pt>
File: ColorMapMatrices_PBC.pdf Graphic file (type pdf)
<use ColorMapMatrices_PBC.pdf>
Package pdftex.def Info: ColorMapMatrices_PBC.pdf  used on input line 702.
(pdftex.def)             Requested size: 140.41893pt x 115.18405pt.


pdfTeX warning: /Library/TeX/texbin/pdflatex (file ./ColorMapMatrix_SSD.pdf): PDF inclusion: found PDF version <1.7>, but at most version <1.5> allowed
<ColorMapMatrix_SSD.pdf, id=516, 589.76335pt x 483.76836pt>
File: ColorMapMatrix_SSD.pdf Graphic file (type pdf)
<use ColorMapMatrix_SSD.pdf>
Package pdftex.def Info: ColorMapMatrix_SSD.pdf  used on input line 706.
(pdftex.def)             Requested size: 140.41893pt x 115.18405pt.

LaTeX Warning: `h' float specifier changed to `ht'.

[13 <./Disperion_relation1D.pdf> <./Occupation_number_H0_OBC.pdf> <./Occupation_number_H0_PBC.pdf

pdfTeX warning: /Library/TeX/texbin/pdflatex (file ./Occupation_number_H0_PBC.pdf): PDF inclusion: multiple pdfs with page group included in a single page
>]
<TotalEnergyHeating.pdf, id=587, 433.62pt x 433.62pt>
File: TotalEnergyHeating.pdf Graphic file (type pdf)
<use TotalEnergyHeating.pdf>
Package pdftex.def Info: TotalEnergyHeating.pdf  used on input line 769.
(pdftex.def)             Requested size: 221.95676pt x 221.9571pt.
<TotalEnergyNonHeating.pdf, id=588, 433.62pt x 433.62pt>
File: TotalEnergyNonHeating.pdf Graphic file (type pdf)
<use TotalEnergyNonHeating.pdf>
Package pdftex.def Info: TotalEnergyNonHeating.pdf  used on input line 772.
(pdftex.def)             Requested size: 221.95676pt x 221.9571pt.


LaTeX Warning: `h' float specifier changed to `ht'.

<PhaseDiagram.pdf, id=589, 641.17043pt x 563.05455pt>
File: PhaseDiagram.pdf Graphic file (type pdf)
<use PhaseDiagram.pdf>
Package pdftex.def Info: PhaseDiagram.pdf  used on input line 781.
(pdftex.def)             Requested size: 362.37569pt x 318.2295pt.

LaTeX Warning: `h' float specifier changed to `ht'.


Package hyperref Warning: Token not allowed in a PDF string (PDFDocEncoding):
(hyperref)                removing `math shift' on input line 791.


Package hyperref Warning: Token not allowed in a PDF string (PDFDocEncoding):
(hyperref)                removing `math shift' on input line 791.

[14 <./Occupation_number_H1.pdf>] [15 <./BondEnergy.pdf>] [16 <./Dispersion_relation2d.pdf> <./Dispersion_Relation2d_Top.pdf> <./Floquet_Drive1D_Deformation.pdf> <./Floquet_Drive.pdf>] [17 <./ColorMapMatrices_OBC.pdf> <./ColorMapMatrices_PBC.pdf

pdfTeX warning: /Library/TeX/texbin/pdflatex (file ./ColorMapMatrices_PBC.pdf): PDF inclusion: multiple pdfs with page group included in a single page
> <./ColorMapMatrix_SSD.pdf

pdfTeX warning: /Library/TeX/texbin/pdflatex (file ./ColorMapMatrix_SSD.pdf): PDF inclusion: multiple pdfs with page group included in a single page
> <./TotalEnergyHeating.pdf

pdfTeX warning: /Library/TeX/texbin/pdflatex (file ./TotalEnergyHeating.pdf): PDF inclusion: multiple pdfs with page group included in a single page
> <./TotalEnergyNonHeating.pdf

pdfTeX warning: /Library/TeX/texbin/pdflatex (file ./TotalEnergyNonHeating.pdf): PDF inclusion: multiple pdfs with page group included in a single page
>] [18 <./PhaseDiagram.pdf>]
LaTeX Font Info:    Trying to load font information for U+bbm on input line 908.
 (/usr/local/texlive/2020/texmf-dist/tex/latex/bbm-macros/ubbm.fd
File: ubbm.fd 1999/03/15 V 1.2 Font definition for bbm font - TH
) [19]
Underfull \hbox (badness 10000) in paragraph at lines 946--947

 []

[20]
Underfull \hbox (badness 10000) in paragraph at lines 973--975

 []

[21] [22]
Underfull \hbox (badness 10000) in paragraph at lines 1047--1049

 []

<Energydensity2d_nearest.pdf, id=958, 647.81226pt x 544.87463pt>
File: Energydensity2d_nearest.pdf Graphic file (type pdf)
<use Energydensity2d_nearest.pdf>
Package pdftex.def Info: Energydensity2d_nearest.pdf  used on input line 1060.
(pdftex.def)             Requested size: 362.37569pt x 304.80345pt.
<Energy_Density1.pdf, id=959, 715.92328pt x 594.84943pt>
File: Energy_Density1.pdf Graphic file (type pdf)
<use Energy_Density1.pdf>
Package pdftex.def Info: Energy_Density1.pdf  used on input line 1074.
(pdftex.def)             Requested size: 221.95676pt x 184.41956pt.
<Energy_Density2.pdf, id=960, 724.47887pt x 594.84943pt>
File: Energy_Density2.pdf Graphic file (type pdf)
<use Energy_Density2.pdf>
Package pdftex.def Info: Energy_Density2.pdf  used on input line 1078.
(pdftex.def)             Requested size: 221.95676pt x 182.24117pt.

LaTeX Warning: `h' float specifier changed to `ht'.

<PhaseDiagram2D.pdf, id=961, 655.88237pt x 559.38686pt>
File: PhaseDiagram2D.pdf Graphic file (type pdf)
<use PhaseDiagram2D.pdf>
Package pdftex.def Info: PhaseDiagram2D.pdf  used on input line 1086.
(pdftex.def)             Requested size: 362.37569pt x 309.06354pt.

LaTeX Warning: `h' float specifier changed to `ht'.

File: PhaseDiagram2D.pdf Graphic file (type pdf)
<use PhaseDiagram2D.pdf>
Package pdftex.def Info: PhaseDiagram2D.pdf  used on input line 1095.
(pdftex.def)             Requested size: 221.95676pt x 189.30132pt.
<PhaseDiagram2D-2.pdf, id=962, 651.15971pt x 561.37029pt>
File: PhaseDiagram2D-2.pdf Graphic file (type pdf)
<use PhaseDiagram2D-2.pdf>
Package pdftex.def Info: PhaseDiagram2D-2.pdf  used on input line 1099.
(pdftex.def)             Requested size: 221.95676pt x 191.34305pt.

LaTeX Warning: `h' float specifier changed to `ht'.

<Entanglement_Entropy.pdf, id=963, 712.64865pt x 576.36122pt>
File: Entanglement_Entropy.pdf Graphic file (type pdf)
<use Entanglement_Entropy.pdf>
Package pdftex.def Info: Entanglement_Entropy.pdf  used on input line 1107.
(pdftex.def)             Requested size: 362.37569pt x 293.07846pt.

LaTeX Warning: `h' float specifier changed to `ht'.

File: Energydensity2d_nearest.pdf Graphic file (type pdf)
<use Energydensity2d_nearest.pdf>
Package pdftex.def Info: Energydensity2d_nearest.pdf  used on input line 1115.
(pdftex.def)             Requested size: 221.95676pt x 186.68494pt.
<Energy_Density2D_nearest2.pdf, id=964, 647.38652pt x 559.21397pt>
File: Energy_Density2D_nearest2.pdf Graphic file (type pdf)
<use Energy_Density2D_nearest2.pdf>
Package pdftex.def Info: Energy_Density2D_nearest2.pdf  used on input line 1119.
(pdftex.def)             Requested size: 221.95676pt x 191.72588pt.

LaTeX Warning: `h' float specifier changed to `ht'.

<TotalEnergyHeating2d.pdf, id=965, 433.62pt x 433.62pt>
File: TotalEnergyHeating2d.pdf Graphic file (type pdf)
<use TotalEnergyHeating2d.pdf>
Package pdftex.def Info: TotalEnergyHeating2d.pdf  used on input line 1132.
(pdftex.def)             Requested size: 221.95676pt x 221.9571pt.
<TotalEnergyNonHeating2d.pdf, id=966, 433.62pt x 433.62pt>
File: TotalEnergyNonHeating2d.pdf Graphic file (type pdf)
<use TotalEnergyNonHeating2d.pdf>
Package pdftex.def Info: TotalEnergyNonHeating2d.pdf  used on input line 1136.
(pdftex.def)             Requested size: 221.95676pt x 221.9571pt.

LaTeX Warning: `h' float specifier changed to `ht'.

<TotalEnergyNonHeating2d_Multiple.pdf, id=967, 867.24pt x 650.43pt>
File: TotalEnergyNonHeating2d_Multiple.pdf Graphic file (type pdf)
<use TotalEnergyNonHeating2d_Multiple.pdf>
Package pdftex.def Info: TotalEnergyNonHeating2d_Multiple.pdf  used on input line 1144.
(pdftex.def)             Requested size: 385.02547pt x 288.77051pt.

LaTeX Warning: `h' float specifier changed to `ht'.



pdfTeX warning: /Library/TeX/texbin/pdflatex (file ./ColorMapMatrix_OBC_2D.pdf): PDF inclusion: found PDF version <1.7>, but at most version <1.5> allowed
<ColorMapMatrix_OBC_2D.pdf, id=968, 640.87128pt x 543.40314pt>
File: ColorMapMatrix_OBC_2D.pdf Graphic file (type pdf)
<use ColorMapMatrix_OBC_2D.pdf>
Package pdftex.def Info: ColorMapMatrix_OBC_2D.pdf  used on input line 1152.
(pdftex.def)             Requested size: 140.41893pt x 119.05984pt.


pdfTeX warning: /Library/TeX/texbin/pdflatex (file ./ColorMapMatrix_PBC_2D.pdf): PDF inclusion: found PDF version <1.7>, but at most version <1.5> allowed
<ColorMapMatrix_PBC_2D.pdf, id=969, 640.87128pt x 543.40314pt>
File: ColorMapMatrix_PBC_2D.pdf Graphic file (type pdf)
<use ColorMapMatrix_PBC_2D.pdf>
Package pdftex.def Info: ColorMapMatrix_PBC_2D.pdf  used on input line 1156.
(pdftex.def)             Requested size: 140.41893pt x 119.05984pt.


pdfTeX warning: /Library/TeX/texbin/pdflatex (file ./ColorMapMatrix_SSD_2D.pdf): PDF inclusion: found PDF version <1.7>, but at most version <1.5> allowed
<ColorMapMatrix_SSD_2D.pdf, id=970, 642.59573pt x 545.9908pt>
File: ColorMapMatrix_SSD_2D.pdf Graphic file (type pdf)
<use ColorMapMatrix_SSD_2D.pdf>
Package pdftex.def Info: ColorMapMatrix_SSD_2D.pdf  used on input line 1160.
(pdftex.def)             Requested size: 140.41893pt x 119.3019pt.

LaTeX Warning: `h' float specifier changed to `ht'.



pdfTeX warning: /Library/TeX/texbin/pdflatex (file ./DensityprofileOBC.pdf): PDF inclusion: found PDF version <1.7>, but at most version <1.5> allowed
<DensityprofileOBC.pdf, id=971, 518.80121pt x 450.9156pt>
File: DensityprofileOBC.pdf Graphic file (type pdf)
<use DensityprofileOBC.pdf>
Package pdftex.def Info: DensityprofileOBC.pdf  used on input line 1172.
(pdftex.def)             Requested size: 203.83417pt x 177.15677pt.


pdfTeX warning: /Library/TeX/texbin/pdflatex (file ./DensityprofileSSD.pdf): PDF inclusion: found PDF version <1.7>, but at most version <1.5> allowed
<DensityprofileSSD.pdf, id=972, 518.80121pt x 450.9156pt>
File: DensityprofileSSD.pdf Graphic file (type pdf)
<use DensityprofileSSD.pdf>
Package pdftex.def Info: DensityprofileSSD.pdf  used on input line 1176.
(pdftex.def)             Requested size: 203.83417pt x 177.15677pt.

LaTeX Warning: `h' float specifier changed to `ht'.

<TotalEnergyHeating2d_Multiple.pdf, id=973, 867.24pt x 650.43pt>
File: TotalEnergyHeating2d_Multiple.pdf Graphic file (type pdf)
<use TotalEnergyHeating2d_Multiple.pdf>
Package pdftex.def Info: TotalEnergyHeating2d_Multiple.pdf  used on input line 1186.
(pdftex.def)             Requested size: 385.02547pt x 288.77051pt.
File: TotalEnergyHeating2d.pdf Graphic file (type pdf)
<use TotalEnergyHeating2d.pdf>
Package pdftex.def Info: TotalEnergyHeating2d.pdf  used on input line 1197.
(pdftex.def)             Requested size: 221.95676pt x 221.9571pt.
File: TotalEnergyNonHeating2d.pdf Graphic file (type pdf)
<use TotalEnergyNonHeating2d.pdf>
Package pdftex.def Info: TotalEnergyNonHeating2d.pdf  used on input line 1201.
(pdftex.def)             Requested size: 221.95676pt x 221.9571pt.

LaTeX Warning: `h' float specifier changed to `ht'.

[23 <./Energydensity2d_nearest.pdf>]
Overfull \hbox (33.16571pt too wide) in paragraph at lines 1236--1236
[]\T1/cmr/m/n/10.95 (-20) Xueda Wen and Jie-Qiang Wu. ``Flo-quet con-for-mal field the-ory''. In: |   []
 []

[24 <./Energy_Density1.pdf> <./Energy_Density2.pdf

pdfTeX warning: /Library/TeX/texbin/pdflatex (file ./Energy_Density2.pdf): PDF inclusion: multiple pdfs with page group included in a single page
>] [25 <./PhaseDiagram2D.pdf> <./PhaseDiagram2D-2.pdf

pdfTeX warning: /Library/TeX/texbin/pdflatex (file ./PhaseDiagram2D-2.pdf): PDF inclusion: multiple pdfs with page group included in a single page
>] [26 <./Entanglement_Entropy.pdf> <./Energy_Density2D_nearest2.pdf

pdfTeX warning: /Library/TeX/texbin/pdflatex (file ./Energy_Density2D_nearest2.pdf): PDF inclusion: multiple pdfs with page group included in a single page
>] [27 <./TotalEnergyHeating2d.pdf> <./TotalEnergyNonHeating2d.pdf

pdfTeX warning: /Library/TeX/texbin/pdflatex (file ./TotalEnergyNonHeating2d.pdf): PDF inclusion: multiple pdfs with page group included in a single page
> <./TotalEnergyNonHeating2d_Multiple.pdf

pdfTeX warning: /Library/TeX/texbin/pdflatex (file ./TotalEnergyNonHeating2d_Multiple.pdf): PDF inclusion: multiple pdfs with page group included in a single page
>] [28 <./ColorMapMatrix_OBC_2D.pdf> <./ColorMapMatrix_PBC_2D.pdf

pdfTeX warning: /Library/TeX/texbin/pdflatex (file ./ColorMapMatrix_PBC_2D.pdf): PDF inclusion: multiple pdfs with page group included in a single page
> <./ColorMapMatrix_SSD_2D.pdf

pdfTeX warning: /Library/TeX/texbin/pdflatex (file ./ColorMapMatrix_SSD_2D.pdf): PDF inclusion: multiple pdfs with page group included in a single page
> <./DensityprofileOBC.pdf

pdfTeX warning: /Library/TeX/texbin/pdflatex (file ./DensityprofileOBC.pdf): PDF inclusion: multiple pdfs with page group included in a single page
> <./DensityprofileSSD.pdf

pdfTeX warning: /Library/TeX/texbin/pdflatex (file ./DensityprofileSSD.pdf): PDF inclusion: multiple pdfs with page group included in a single page
>] [29 <./TotalEnergyHeating2d_Multiple.pdf>]
Package atveryend Info: Empty hook `BeforeClearDocument' on input line 1238.
Package atveryend Info: Empty hook `AfterLastShipout' on input line 1238.
 (/Users/fabianjaeger/Desktop/Bachelor Thesis/Bachelor_Thesis/.texpadtmp/Bachelor_Thesis_UZH.aux)
Package atveryend Info: Executing hook `AtVeryEndDocument' on input line 1238.
Package atveryend Info: Executing hook `AtEndAfterFileList' on input line 1238.
Package rerunfilecheck Info: File `Bachelor_Thesis_UZH.out' has not changed.
(rerunfilecheck)             Checksum: A3F14BCB6AFFDF7AF69A6783681C0117;2133.
Package logreq Info: Writing requests to 'Bachelor_Thesis_UZH.run.xml'.
\openout1 = `Bachelor_Thesis_UZH.run.xml'.

 ) 
Here is how much of TeX's memory you used:
 39306 strings out of 480608
 788133 string characters out of 5903631
 1317185 words of memory out of 5000000
 54159 multiletter control sequences out of 15000+600000
 562504 words of font info for 174 fonts, out of 8000000 for 9000
 1141 hyphenation exceptions out of 8191
 59i,22n,95p,1014b,1899s stack positions out of 5000i,500n,10000p,200000b,80000s
 </Users/fabianjaeger/Library/texlive/2020/texmf-var/fonts/pk/ljfour/public/bbm/bbm10.657pk>{/usr/local/texlive/2020/texmf-dist/fonts/enc/dvips/cm-super/cm-super-ts1.enc}{/usr/local/texlive/2020/texmf-dist/fonts/enc/dvips/cm-super/cm-super-t1.enc}</usr/local/texlive/2020/texmf-dist/fonts/type1/public/amsfonts/cm/cmbx10.pfb></usr/local/texlive/2020/texmf-dist/fonts/type1/public/amsfonts/cm/cmbx8.pfb></usr/local/texlive/2020/texmf-dist/fonts/type1/public/amsfonts/cm/cmex10.pfb></usr/local/texlive/2020/texmf-dist/fonts/type1/public/amsfonts/cm/cmmi10.pfb></usr/local/texlive/2020/texmf-dist/fonts/type1/public/amsfonts/cm/cmmi12.pfb></usr/local/texlive/2020/texmf-dist/fonts/type1/public/amsfonts/cm/cmmi6.pfb></usr/local/texlive/2020/texmf-dist/fonts/type1/public/amsfonts/cm/cmmi7.pfb></usr/local/texlive/2020/texmf-dist/fonts/type1/public/amsfonts/cm/cmmi8.pfb></usr/local/texlive/2020/texmf-dist/fonts/type1/public/amsfonts/cm/cmr10.pfb></usr/local/texlive/2020/texmf-dist/fonts/type1/public/amsfonts/cm/cmr12.pfb></usr/local/texlive/2020/texmf-dist/fonts/type1/public/amsfonts/cm/cmr17.pfb></usr/local/texlive/2020/texmf-dist/fonts/type1/public/amsfonts/cm/cmr6.pfb></usr/local/texlive/2020/texmf-dist/fonts/type1/public/amsfonts/cm/cmr7.pfb></usr/local/texlive/2020/texmf-dist/fonts/type1/public/amsfonts/cm/cmr8.pfb></usr/local/texlive/2020/texmf-dist/fonts/type1/public/amsfonts/cm/cmsy10.pfb></usr/local/texlive/2020/texmf-dist/fonts/type1/public/amsfonts/cm/cmsy6.pfb></usr/local/texlive/2020/texmf-dist/fonts/type1/public/amsfonts/cm/cmsy7.pfb></usr/local/texlive/2020/texmf-dist/fonts/type1/public/amsfonts/cm/cmsy8.pfb></usr/local/texlive/2020/texmf-dist/fonts/type1/public/amsfonts/symbols/msbm10.pfb></usr/local/texlive/2020/texmf-dist/fonts/type1/public/cm-super/sfbx1000.pfb></usr/local/texlive/2020/texmf-dist/fonts/type1/public/cm-super/sfbx1095.pfb></usr/local/texlive/2020/texmf-dist/fonts/type1/public/cm-super/sfbx1200.pfb></usr/local/texlive/2020/texmf-dist/fonts/type1/public/cm-super/sfbx1440.pfb></usr/local/texlive/
2020/texmf-dist/fonts/type1/public/cm-super/sfcc1095.pfb></usr/local/texlive/2020/texmf-dist/fonts/type1/public/cm-super/sfcc1440.pfb></usr/local/texlive/2020/texmf-dist/fonts/type1/public/cm-super/sfrm0800.pfb></usr/local/texlive/2020/texmf-dist/fonts/type1/public/cm-super/sfrm1000.pfb></usr/local/texlive/2020/texmf-dist/fonts/type1/public/cm-super/sfrm1095.pfb></usr/local/texlive/2020/texmf-dist/fonts/type1/public/cm-super/sfrm1200.pfb></usr/local/texlive/2020/texmf-dist/fonts/type1/public/cm-super/sfrm1440.pfb>
Output written on "/Users/fabianjaeger/Desktop/Bachelor Thesis/Bachelor_Thesis/.texpadtmp/Bachelor_Thesis_UZH.pdf" (30 pages, 4734495 bytes).
PDF statistics:
 1397 PDF objects out of 1440 (max. 8388607)
 1177 compressed objects within 12 object streams
 195 named destinations out of 1000 (max. 500000)
 31657 words of extra memory for PDF output out of 35830 (max. 10000000)

